2023-06-27 14:38:40,194 [Worker-2: Loading available Gradle versions] INFO  o.e.b.c.i.u.g.PublishedGradleVersions - Gradle version information cache is up-to-date. Trying to read.
2023-06-27 14:42:54,740 [Worker-13: Importing Maven projects] INFO  o.e.m.c.i.e.AbstractTransferListenerAdapter - Downloading https://repo.maven.apache.org/maven2/org/springframework/boot/spring-boot-starter-parent/2.7.13/spring-boot-starter-parent-2.7.13.pom
2023-06-27 14:42:54,761 [Worker-13: Importing Maven projects] INFO  o.e.m.c.i.e.AbstractTransferListenerAdapter - Downloaded https://repo.maven.apache.org/maven2/org/springframework/boot/spring-boot-starter-parent/2.7.13/spring-boot-starter-parent-2.7.13.pom
2023-06-27 14:42:54,797 [Worker-13: Importing Maven projects] INFO  o.e.m.c.i.e.AbstractTransferListenerAdapter - Downloading https://repo.maven.apache.org/maven2/org/springframework/boot/spring-boot-dependencies/2.7.13/spring-boot-dependencies-2.7.13.pom
2023-06-27 14:42:54,845 [Worker-13: Importing Maven projects] INFO  o.e.m.c.i.e.AbstractTransferListenerAdapter - Downloaded https://repo.maven.apache.org/maven2/org/springframework/boot/spring-boot-dependencies/2.7.13/spring-boot-dependencies-2.7.13.pom
2023-06-27 14:42:54,938 [Worker-13: Importing Maven projects] INFO  o.e.m.c.i.e.AbstractTransferListenerAdapter - Downloading https://repo.maven.apache.org/maven2/org/codehaus/groovy/groovy-bom/3.0.17/groovy-bom-3.0.17.pom
2023-06-27 14:42:54,963 [Worker-13: Importing Maven projects] INFO  o.e.m.c.i.e.AbstractTransferListenerAdapter - Downloaded https://repo.maven.apache.org/maven2/org/codehaus/groovy/groovy-bom/3.0.17/groovy-bom-3.0.17.pom
2023-06-27 14:42:54,985 [Worker-13: Importing Maven projects] INFO  o.e.m.c.i.e.AbstractTransferListenerAdapter - Downloading https://repo.maven.apache.org/maven2/org/infinispan/infinispan-bom/13.0.18.Final/infinispan-bom-13.0.18.Final.pom
2023-06-27 14:42:55,000 [Worker-13: Importing Maven projects] INFO  o.e.m.c.i.e.AbstractTransferListenerAdapter - Downloaded https://repo.maven.apache.org/maven2/org/infinispan/infinispan-bom/13.0.18.Final/infinispan-bom-13.0.18.Final.pom
2023-06-27 14:42:55,016 [Worker-13: Importing Maven projects] INFO  o.e.m.c.i.e.AbstractTransferListenerAdapter - Downloading https://repo.maven.apache.org/maven2/org/infinispan/infinispan-build-configuration-parent/13.0.18.Final/infinispan-build-configuration-parent-13.0.18.Final.pom
2023-06-27 14:42:55,033 [Worker-13: Importing Maven projects] INFO  o.e.m.c.i.e.AbstractTransferListenerAdapter - Downloaded https://repo.maven.apache.org/maven2/org/infinispan/infinispan-build-configuration-parent/13.0.18.Final/infinispan-build-configuration-parent-13.0.18.Final.pom
2023-06-27 14:42:55,115 [Worker-13: Importing Maven projects] INFO  o.e.m.c.i.e.AbstractTransferListenerAdapter - Downloading https://repo.maven.apache.org/maven2/io/micrometer/micrometer-bom/1.9.12/micrometer-bom-1.9.12.pom
2023-06-27 14:42:55,129 [Worker-13: Importing Maven projects] INFO  o.e.m.c.i.e.AbstractTransferListenerAdapter - Downloaded https://repo.maven.apache.org/maven2/io/micrometer/micrometer-bom/1.9.12/micrometer-bom-1.9.12.pom
2023-06-27 14:42:55,168 [Worker-13: Importing Maven projects] INFO  o.e.m.c.i.e.AbstractTransferListenerAdapter - Downloading https://repo.maven.apache.org/maven2/io/projectreactor/reactor-bom/2020.0.33/reactor-bom-2020.0.33.pom
2023-06-27 14:42:55,181 [Worker-13: Importing Maven projects] INFO  o.e.m.c.i.e.AbstractTransferListenerAdapter - Downloaded https://repo.maven.apache.org/maven2/io/projectreactor/reactor-bom/2020.0.33/reactor-bom-2020.0.33.pom
2023-06-27 14:42:55,206 [Worker-13: Importing Maven projects] INFO  o.e.m.c.i.e.AbstractTransferListenerAdapter - Downloading https://repo.maven.apache.org/maven2/org/springframework/data/spring-data-bom/2021.2.13/spring-data-bom-2021.2.13.pom
2023-06-27 14:42:55,230 [Worker-13: Importing Maven projects] INFO  o.e.m.c.i.e.AbstractTransferListenerAdapter - Downloaded https://repo.maven.apache.org/maven2/org/springframework/data/spring-data-bom/2021.2.13/spring-data-bom-2021.2.13.pom
2023-06-27 14:42:55,250 [Worker-13: Importing Maven projects] INFO  o.e.m.c.i.e.AbstractTransferListenerAdapter - Downloading https://repo.maven.apache.org/maven2/org/springframework/spring-framework-bom/5.3.28/spring-framework-bom-5.3.28.pom
2023-06-27 14:42:55,265 [Worker-13: Importing Maven projects] INFO  o.e.m.c.i.e.AbstractTransferListenerAdapter - Downloaded https://repo.maven.apache.org/maven2/org/springframework/spring-framework-bom/5.3.28/spring-framework-bom-5.3.28.pom
2023-06-27 14:42:55,290 [Worker-13: Importing Maven projects] INFO  o.e.m.c.i.e.AbstractTransferListenerAdapter - Downloading https://repo.maven.apache.org/maven2/org/springframework/integration/spring-integration-bom/5.5.18/spring-integration-bom-5.5.18.pom
2023-06-27 14:42:55,305 [Worker-13: Importing Maven projects] INFO  o.e.m.c.i.e.AbstractTransferListenerAdapter - Downloaded https://repo.maven.apache.org/maven2/org/springframework/integration/spring-integration-bom/5.5.18/spring-integration-bom-5.5.18.pom
2023-06-27 14:42:55,320 [Worker-13: Importing Maven projects] INFO  o.e.m.c.i.e.AbstractTransferListenerAdapter - Downloading https://repo.maven.apache.org/maven2/org/springframework/security/spring-security-bom/5.7.9/spring-security-bom-5.7.9.pom
2023-06-27 14:42:55,335 [Worker-13: Importing Maven projects] INFO  o.e.m.c.i.e.AbstractTransferListenerAdapter - Downloaded https://repo.maven.apache.org/maven2/org/springframework/security/spring-security-bom/5.7.9/spring-security-bom-5.7.9.pom
2023-06-27 14:42:55,361 [Worker-13: Importing Maven projects] INFO  o.e.m.c.i.e.AbstractTransferListenerAdapter - Downloading https://repo.maven.apache.org/maven2/org/springframework/session/spring-session-bom/2021.2.2/spring-session-bom-2021.2.2.pom
2023-06-27 14:42:55,373 [Worker-13: Importing Maven projects] INFO  o.e.m.c.i.e.AbstractTransferListenerAdapter - Downloaded https://repo.maven.apache.org/maven2/org/springframework/session/spring-session-bom/2021.2.2/spring-session-bom-2021.2.2.pom
2023-06-27 14:42:55,781 [Worker-13: Importing Maven projects] INFO  o.e.m.c.i.e.AbstractTransferListenerAdapter - Downloading https://repo.maven.apache.org/maven2/org/springframework/boot/spring-boot-maven-plugin/2.7.13/spring-boot-maven-plugin-2.7.13.pom
2023-06-27 14:42:55,797 [Worker-13: Importing Maven projects] INFO  o.e.m.c.i.e.AbstractTransferListenerAdapter - Downloaded https://repo.maven.apache.org/maven2/org/springframework/boot/spring-boot-maven-plugin/2.7.13/spring-boot-maven-plugin-2.7.13.pom
2023-06-27 14:42:55,818 [Worker-13: Importing Maven projects] INFO  o.e.m.c.i.e.AbstractTransferListenerAdapter - Downloading https://repo.maven.apache.org/maven2/org/springframework/boot/spring-boot-maven-plugin/2.7.13/spring-boot-maven-plugin-2.7.13.jar
2023-06-27 14:42:55,845 [Worker-13: Importing Maven projects] INFO  o.e.m.c.i.e.AbstractTransferListenerAdapter - Downloaded https://repo.maven.apache.org/maven2/org/springframework/boot/spring-boot-maven-plugin/2.7.13/spring-boot-maven-plugin-2.7.13.jar
2023-06-27 14:42:56,304 [Worker-13: Importing Maven projects] INFO  o.e.m.c.i.l.LifecycleMappingFactory - Using org.eclipse.m2e.jdt.JarLifecycleMapping lifecycle mapping for MavenProject: com.backend:BackEndSpringBoot_1:0.0.1-SNAPSHOT @ E:\ProjetosProgramacao_2023\ProjetoProgramacao_27_05_2023_estudos_JavaAngularSpringTypeJavaScriptPythonIngles\ProjetoProgramacao_EstudosJAVA\BackEndSpringBoot_1\pom.xml.
2023-06-27 14:42:56,338 [Worker-13: Importing Maven projects] INFO  o.e.m.c.i.e.AbstractTransferListenerAdapter - Downloading https://repo.maven.apache.org/maven2/org/springframework/boot/spring-boot-starter-data-elasticsearch/2.7.13/spring-boot-starter-data-elasticsearch-2.7.13.pom
2023-06-27 14:42:56,355 [Worker-13: Importing Maven projects] INFO  o.e.m.c.i.e.AbstractTransferListenerAdapter - Downloaded https://repo.maven.apache.org/maven2/org/springframework/boot/spring-boot-starter-data-elasticsearch/2.7.13/spring-boot-starter-data-elasticsearch-2.7.13.pom
2023-06-27 14:42:56,371 [Worker-13: Importing Maven projects] INFO  o.e.m.c.i.e.AbstractTransferListenerAdapter - Downloading https://repo.maven.apache.org/maven2/org/springframework/boot/spring-boot-starter/2.7.13/spring-boot-starter-2.7.13.pom
2023-06-27 14:42:56,384 [Worker-13: Importing Maven projects] INFO  o.e.m.c.i.e.AbstractTransferListenerAdapter - Downloaded https://repo.maven.apache.org/maven2/org/springframework/boot/spring-boot-starter/2.7.13/spring-boot-starter-2.7.13.pom
2023-06-27 14:42:56,396 [Worker-13: Importing Maven projects] INFO  o.e.m.c.i.e.AbstractTransferListenerAdapter - Downloading https://repo.maven.apache.org/maven2/org/springframework/boot/spring-boot/2.7.13/spring-boot-2.7.13.pom
2023-06-27 14:42:56,412 [Worker-13: Importing Maven projects] INFO  o.e.m.c.i.e.AbstractTransferListenerAdapter - Downloaded https://repo.maven.apache.org/maven2/org/springframework/boot/spring-boot/2.7.13/spring-boot-2.7.13.pom
2023-06-27 14:42:56,430 [Worker-13: Importing Maven projects] INFO  o.e.m.c.i.e.AbstractTransferListenerAdapter - Downloading https://repo.maven.apache.org/maven2/org/springframework/spring-core/5.3.28/spring-core-5.3.28.pom
2023-06-27 14:42:56,444 [Worker-13: Importing Maven projects] INFO  o.e.m.c.i.e.AbstractTransferListenerAdapter - Downloaded https://repo.maven.apache.org/maven2/org/springframework/spring-core/5.3.28/spring-core-5.3.28.pom
2023-06-27 14:42:56,460 [Worker-13: Importing Maven projects] INFO  o.e.m.c.i.e.AbstractTransferListenerAdapter - Downloading https://repo.maven.apache.org/maven2/org/springframework/spring-jcl/5.3.28/spring-jcl-5.3.28.pom
2023-06-27 14:42:56,470 [Worker-13: Importing Maven projects] INFO  o.e.m.c.i.e.AbstractTransferListenerAdapter - Downloaded https://repo.maven.apache.org/maven2/org/springframework/spring-jcl/5.3.28/spring-jcl-5.3.28.pom
2023-06-27 14:42:56,483 [Worker-13: Importing Maven projects] INFO  o.e.m.c.i.e.AbstractTransferListenerAdapter - Downloading https://repo.maven.apache.org/maven2/org/springframework/spring-context/5.3.28/spring-context-5.3.28.pom
2023-06-27 14:42:56,501 [Worker-13: Importing Maven projects] INFO  o.e.m.c.i.e.AbstractTransferListenerAdapter - Downloaded https://repo.maven.apache.org/maven2/org/springframework/spring-context/5.3.28/spring-context-5.3.28.pom
2023-06-27 14:42:56,513 [Worker-13: Importing Maven projects] INFO  o.e.m.c.i.e.AbstractTransferListenerAdapter - Downloading https://repo.maven.apache.org/maven2/org/springframework/spring-aop/5.3.28/spring-aop-5.3.28.pom
2023-06-27 14:42:56,531 [Worker-13: Importing Maven projects] INFO  o.e.m.c.i.e.AbstractTransferListenerAdapter - Downloaded https://repo.maven.apache.org/maven2/org/springframework/spring-aop/5.3.28/spring-aop-5.3.28.pom
2023-06-27 14:42:56,545 [Worker-13: Importing Maven projects] INFO  o.e.m.c.i.e.AbstractTransferListenerAdapter - Downloading https://repo.maven.apache.org/maven2/org/springframework/spring-beans/5.3.28/spring-beans-5.3.28.pom
2023-06-27 14:42:56,555 [Worker-13: Importing Maven projects] INFO  o.e.m.c.i.e.AbstractTransferListenerAdapter - Downloaded https://repo.maven.apache.org/maven2/org/springframework/spring-beans/5.3.28/spring-beans-5.3.28.pom
2023-06-27 14:42:56,567 [Worker-13: Importing Maven projects] INFO  o.e.m.c.i.e.AbstractTransferListenerAdapter - Downloading https://repo.maven.apache.org/maven2/org/springframework/spring-expression/5.3.28/spring-expression-5.3.28.pom
2023-06-27 14:42:56,578 [Worker-13: Importing Maven projects] INFO  o.e.m.c.i.e.AbstractTransferListenerAdapter - Downloaded https://repo.maven.apache.org/maven2/org/springframework/spring-expression/5.3.28/spring-expression-5.3.28.pom
2023-06-27 14:42:56,597 [Worker-13: Importing Maven projects] INFO  o.e.m.c.i.e.AbstractTransferListenerAdapter - Downloading https://repo.maven.apache.org/maven2/org/springframework/boot/spring-boot-autoconfigure/2.7.13/spring-boot-autoconfigure-2.7.13.pom
2023-06-27 14:42:56,613 [Worker-13: Importing Maven projects] INFO  o.e.m.c.i.e.AbstractTransferListenerAdapter - Downloaded https://repo.maven.apache.org/maven2/org/springframework/boot/spring-boot-autoconfigure/2.7.13/spring-boot-autoconfigure-2.7.13.pom
2023-06-27 14:42:56,625 [Worker-13: Importing Maven projects] INFO  o.e.m.c.i.e.AbstractTransferListenerAdapter - Downloading https://repo.maven.apache.org/maven2/org/springframework/boot/spring-boot-starter-logging/2.7.13/spring-boot-starter-logging-2.7.13.pom
2023-06-27 14:42:56,639 [Worker-13: Importing Maven projects] INFO  o.e.m.c.i.e.AbstractTransferListenerAdapter - Downloaded https://repo.maven.apache.org/maven2/org/springframework/boot/spring-boot-starter-logging/2.7.13/spring-boot-starter-logging-2.7.13.pom
2023-06-27 14:42:56,652 [Worker-13: Importing Maven projects] INFO  o.e.m.c.i.e.AbstractTransferListenerAdapter - Downloading https://repo.maven.apache.org/maven2/ch/qos/logback/logback-classic/1.2.12/logback-classic-1.2.12.pom
2023-06-27 14:42:56,664 [Worker-13: Importing Maven projects] INFO  o.e.m.c.i.e.AbstractTransferListenerAdapter - Downloaded https://repo.maven.apache.org/maven2/ch/qos/logback/logback-classic/1.2.12/logback-classic-1.2.12.pom
2023-06-27 14:42:56,685 [Worker-13: Importing Maven projects] INFO  o.e.m.c.i.e.AbstractTransferListenerAdapter - Downloading https://repo.maven.apache.org/maven2/ch/qos/logback/logback-parent/1.2.12/logback-parent-1.2.12.pom
2023-06-27 14:42:56,695 [Worker-13: Importing Maven projects] INFO  o.e.m.c.i.e.AbstractTransferListenerAdapter - Downloaded https://repo.maven.apache.org/maven2/ch/qos/logback/logback-parent/1.2.12/logback-parent-1.2.12.pom
2023-06-27 14:42:56,731 [Worker-13: Importing Maven projects] INFO  o.e.m.c.i.e.AbstractTransferListenerAdapter - Downloading https://repo.maven.apache.org/maven2/ch/qos/logback/logback-core/1.2.12/logback-core-1.2.12.pom
2023-06-27 14:42:56,740 [Worker-13: Importing Maven projects] INFO  o.e.m.c.i.e.AbstractTransferListenerAdapter - Downloaded https://repo.maven.apache.org/maven2/ch/qos/logback/logback-core/1.2.12/logback-core-1.2.12.pom
2023-06-27 14:42:56,784 [Worker-13: Importing Maven projects] INFO  o.e.m.c.i.e.AbstractTransferListenerAdapter - Downloading https://repo.maven.apache.org/maven2/org/springframework/data/spring-data-elasticsearch/4.4.13/spring-data-elasticsearch-4.4.13.pom
2023-06-27 14:42:56,803 [Worker-13: Importing Maven projects] INFO  o.e.m.c.i.e.AbstractTransferListenerAdapter - Downloaded https://repo.maven.apache.org/maven2/org/springframework/data/spring-data-elasticsearch/4.4.13/spring-data-elasticsearch-4.4.13.pom
2023-06-27 14:42:56,819 [Worker-13: Importing Maven projects] INFO  o.e.m.c.i.e.AbstractTransferListenerAdapter - Downloading https://repo.maven.apache.org/maven2/org/springframework/data/build/spring-data-parent/2.7.13/spring-data-parent-2.7.13.pom
2023-06-27 14:42:56,835 [Worker-13: Importing Maven projects] INFO  o.e.m.c.i.e.AbstractTransferListenerAdapter - Downloaded https://repo.maven.apache.org/maven2/org/springframework/data/build/spring-data-parent/2.7.13/spring-data-parent-2.7.13.pom
2023-06-27 14:42:56,855 [Worker-13: Importing Maven projects] INFO  o.e.m.c.i.e.AbstractTransferListenerAdapter - Downloading https://repo.maven.apache.org/maven2/org/springframework/data/build/spring-data-build/2.7.13/spring-data-build-2.7.13.pom
2023-06-27 14:42:56,869 [Worker-13: Importing Maven projects] INFO  o.e.m.c.i.e.AbstractTransferListenerAdapter - Downloaded https://repo.maven.apache.org/maven2/org/springframework/data/build/spring-data-build/2.7.13/spring-data-build-2.7.13.pom
2023-06-27 14:42:56,893 [Worker-13: Importing Maven projects] INFO  o.e.m.c.i.e.AbstractTransferListenerAdapter - Downloading https://repo.maven.apache.org/maven2/org/springframework/spring-tx/5.3.28/spring-tx-5.3.28.pom
2023-06-27 14:42:56,908 [Worker-13: Importing Maven projects] INFO  o.e.m.c.i.e.AbstractTransferListenerAdapter - Downloaded https://repo.maven.apache.org/maven2/org/springframework/spring-tx/5.3.28/spring-tx-5.3.28.pom
2023-06-27 14:42:56,920 [Worker-13: Importing Maven projects] INFO  o.e.m.c.i.e.AbstractTransferListenerAdapter - Downloading https://repo.maven.apache.org/maven2/org/springframework/data/spring-data-commons/2.7.13/spring-data-commons-2.7.13.pom
2023-06-27 14:42:56,932 [Worker-13: Importing Maven projects] INFO  o.e.m.c.i.e.AbstractTransferListenerAdapter - Downloaded https://repo.maven.apache.org/maven2/org/springframework/data/spring-data-commons/2.7.13/spring-data-commons-2.7.13.pom
2023-06-27 14:42:56,950 [Worker-13: Importing Maven projects] INFO  o.e.m.c.i.e.AbstractTransferListenerAdapter - Downloading https://repo.maven.apache.org/maven2/org/elasticsearch/client/elasticsearch-rest-high-level-client/7.17.10/elasticsearch-rest-high-level-client-7.17.10.pom
2023-06-27 14:42:56,974 [Worker-13: Importing Maven projects] INFO  o.e.m.c.i.e.AbstractTransferListenerAdapter - Downloaded https://repo.maven.apache.org/maven2/org/elasticsearch/client/elasticsearch-rest-high-level-client/7.17.10/elasticsearch-rest-high-level-client-7.17.10.pom
2023-06-27 14:42:56,989 [Worker-13: Importing Maven projects] INFO  o.e.m.c.i.e.AbstractTransferListenerAdapter - Downloading https://repo.maven.apache.org/maven2/org/elasticsearch/elasticsearch/7.17.10/elasticsearch-7.17.10.pom
2023-06-27 14:42:57,125 [Worker-13: Importing Maven projects] INFO  o.e.m.c.i.e.AbstractTransferListenerAdapter - Downloaded https://repo.maven.apache.org/maven2/org/elasticsearch/elasticsearch/7.17.10/elasticsearch-7.17.10.pom
2023-06-27 14:42:57,137 [Worker-13: Importing Maven projects] INFO  o.e.m.c.i.e.AbstractTransferListenerAdapter - Downloading https://repo.maven.apache.org/maven2/org/elasticsearch/elasticsearch-core/7.17.10/elasticsearch-core-7.17.10.pom
2023-06-27 14:42:57,151 [Worker-13: Importing Maven projects] INFO  o.e.m.c.i.e.AbstractTransferListenerAdapter - Downloaded https://repo.maven.apache.org/maven2/org/elasticsearch/elasticsearch-core/7.17.10/elasticsearch-core-7.17.10.pom
2023-06-27 14:42:57,165 [Worker-13: Importing Maven projects] INFO  o.e.m.c.i.e.AbstractTransferListenerAdapter - Downloading https://repo.maven.apache.org/maven2/org/elasticsearch/elasticsearch-secure-sm/7.17.10/elasticsearch-secure-sm-7.17.10.pom
2023-06-27 14:42:57,181 [Worker-13: Importing Maven projects] INFO  o.e.m.c.i.e.AbstractTransferListenerAdapter - Downloaded https://repo.maven.apache.org/maven2/org/elasticsearch/elasticsearch-secure-sm/7.17.10/elasticsearch-secure-sm-7.17.10.pom
2023-06-27 14:42:57,193 [Worker-13: Importing Maven projects] INFO  o.e.m.c.i.e.AbstractTransferListenerAdapter - Downloading https://repo.maven.apache.org/maven2/org/elasticsearch/elasticsearch-x-content/7.17.10/elasticsearch-x-content-7.17.10.pom
2023-06-27 14:42:57,201 [Worker-13: Importing Maven projects] INFO  o.e.m.c.i.e.AbstractTransferListenerAdapter - Downloaded https://repo.maven.apache.org/maven2/org/elasticsearch/elasticsearch-x-content/7.17.10/elasticsearch-x-content-7.17.10.pom
2023-06-27 14:42:57,266 [Worker-13: Importing Maven projects] INFO  o.e.m.c.i.e.AbstractTransferListenerAdapter - Downloading https://repo.maven.apache.org/maven2/org/elasticsearch/elasticsearch-geo/7.17.10/elasticsearch-geo-7.17.10.pom
2023-06-27 14:42:57,281 [Worker-13: Importing Maven projects] INFO  o.e.m.c.i.e.AbstractTransferListenerAdapter - Downloaded https://repo.maven.apache.org/maven2/org/elasticsearch/elasticsearch-geo/7.17.10/elasticsearch-geo-7.17.10.pom
2023-06-27 14:42:57,293 [Worker-13: Importing Maven projects] INFO  o.e.m.c.i.e.AbstractTransferListenerAdapter - Downloading https://repo.maven.apache.org/maven2/org/elasticsearch/elasticsearch-lz4/7.17.10/elasticsearch-lz4-7.17.10.pom
2023-06-27 14:42:57,314 [Worker-13: Importing Maven projects] INFO  o.e.m.c.i.e.AbstractTransferListenerAdapter - Downloaded https://repo.maven.apache.org/maven2/org/elasticsearch/elasticsearch-lz4/7.17.10/elasticsearch-lz4-7.17.10.pom
2023-06-27 14:42:57,412 [Worker-13: Importing Maven projects] INFO  o.e.m.c.i.e.AbstractTransferListenerAdapter - Downloading https://repo.maven.apache.org/maven2/org/elasticsearch/elasticsearch-cli/7.17.10/elasticsearch-cli-7.17.10.pom
2023-06-27 14:42:57,437 [Worker-13: Importing Maven projects] INFO  o.e.m.c.i.e.AbstractTransferListenerAdapter - Downloaded https://repo.maven.apache.org/maven2/org/elasticsearch/elasticsearch-cli/7.17.10/elasticsearch-cli-7.17.10.pom
2023-06-27 14:42:57,481 [Worker-13: Importing Maven projects] INFO  o.e.m.c.i.e.AbstractTransferListenerAdapter - Downloading https://repo.maven.apache.org/maven2/org/elasticsearch/elasticsearch-plugin-classloader/7.17.10/elasticsearch-plugin-classloader-7.17.10.pom
2023-06-27 14:42:57,497 [Worker-13: Importing Maven projects] INFO  o.e.m.c.i.e.AbstractTransferListenerAdapter - Downloaded https://repo.maven.apache.org/maven2/org/elasticsearch/elasticsearch-plugin-classloader/7.17.10/elasticsearch-plugin-classloader-7.17.10.pom
2023-06-27 14:42:57,515 [Worker-13: Importing Maven projects] INFO  o.e.m.c.i.e.AbstractTransferListenerAdapter - Downloading https://repo.maven.apache.org/maven2/org/elasticsearch/client/elasticsearch-rest-client/7.17.10/elasticsearch-rest-client-7.17.10.pom
2023-06-27 14:42:57,538 [Worker-13: Importing Maven projects] INFO  o.e.m.c.i.e.AbstractTransferListenerAdapter - Downloaded https://repo.maven.apache.org/maven2/org/elasticsearch/client/elasticsearch-rest-client/7.17.10/elasticsearch-rest-client-7.17.10.pom
2023-06-27 14:42:57,590 [Worker-13: Importing Maven projects] INFO  o.e.m.c.i.e.AbstractTransferListenerAdapter - Downloading https://repo.maven.apache.org/maven2/org/elasticsearch/plugin/mapper-extras-client/7.17.10/mapper-extras-client-7.17.10.pom
2023-06-27 14:42:57,605 [Worker-13: Importing Maven projects] INFO  o.e.m.c.i.e.AbstractTransferListenerAdapter - Downloaded https://repo.maven.apache.org/maven2/org/elasticsearch/plugin/mapper-extras-client/7.17.10/mapper-extras-client-7.17.10.pom
2023-06-27 14:42:57,624 [Worker-13: Importing Maven projects] INFO  o.e.m.c.i.e.AbstractTransferListenerAdapter - Downloading https://repo.maven.apache.org/maven2/org/elasticsearch/plugin/parent-join-client/7.17.10/parent-join-client-7.17.10.pom
2023-06-27 14:42:57,635 [Worker-13: Importing Maven projects] INFO  o.e.m.c.i.e.AbstractTransferListenerAdapter - Downloaded https://repo.maven.apache.org/maven2/org/elasticsearch/plugin/parent-join-client/7.17.10/parent-join-client-7.17.10.pom
2023-06-27 14:42:57,647 [Worker-13: Importing Maven projects] INFO  o.e.m.c.i.e.AbstractTransferListenerAdapter - Downloading https://repo.maven.apache.org/maven2/org/elasticsearch/plugin/aggs-matrix-stats-client/7.17.10/aggs-matrix-stats-client-7.17.10.pom
2023-06-27 14:42:57,659 [Worker-13: Importing Maven projects] INFO  o.e.m.c.i.e.AbstractTransferListenerAdapter - Downloaded https://repo.maven.apache.org/maven2/org/elasticsearch/plugin/aggs-matrix-stats-client/7.17.10/aggs-matrix-stats-client-7.17.10.pom
2023-06-27 14:42:57,670 [Worker-13: Importing Maven projects] INFO  o.e.m.c.i.e.AbstractTransferListenerAdapter - Downloading https://repo.maven.apache.org/maven2/org/elasticsearch/plugin/rank-eval-client/7.17.10/rank-eval-client-7.17.10.pom
2023-06-27 14:42:57,682 [Worker-13: Importing Maven projects] INFO  o.e.m.c.i.e.AbstractTransferListenerAdapter - Downloaded https://repo.maven.apache.org/maven2/org/elasticsearch/plugin/rank-eval-client/7.17.10/rank-eval-client-7.17.10.pom
2023-06-27 14:42:57,699 [Worker-13: Importing Maven projects] INFO  o.e.m.c.i.e.AbstractTransferListenerAdapter - Downloading https://repo.maven.apache.org/maven2/org/elasticsearch/plugin/lang-mustache-client/7.17.10/lang-mustache-client-7.17.10.pom
2023-06-27 14:42:57,711 [Worker-13: Importing Maven projects] INFO  o.e.m.c.i.e.AbstractTransferListenerAdapter - Downloaded https://repo.maven.apache.org/maven2/org/elasticsearch/plugin/lang-mustache-client/7.17.10/lang-mustache-client-7.17.10.pom
2023-06-27 14:42:57,769 [Worker-13: Importing Maven projects] INFO  o.e.m.c.i.e.AbstractTransferListenerAdapter - Downloading https://repo.maven.apache.org/maven2/org/springframework/boot/spring-boot-devtools/2.7.13/spring-boot-devtools-2.7.13.pom
2023-06-27 14:42:57,782 [Worker-13: Importing Maven projects] INFO  o.e.m.c.i.e.AbstractTransferListenerAdapter - Downloaded https://repo.maven.apache.org/maven2/org/springframework/boot/spring-boot-devtools/2.7.13/spring-boot-devtools-2.7.13.pom
2023-06-27 14:42:57,797 [Worker-13: Importing Maven projects] INFO  o.e.m.c.i.e.AbstractTransferListenerAdapter - Downloading https://repo.maven.apache.org/maven2/org/springframework/boot/spring-boot-starter-test/2.7.13/spring-boot-starter-test-2.7.13.pom
2023-06-27 14:42:57,812 [Worker-13: Importing Maven projects] INFO  o.e.m.c.i.e.AbstractTransferListenerAdapter - Downloaded https://repo.maven.apache.org/maven2/org/springframework/boot/spring-boot-starter-test/2.7.13/spring-boot-starter-test-2.7.13.pom
2023-06-27 14:42:57,833 [Worker-13: Importing Maven projects] INFO  o.e.m.c.i.e.AbstractTransferListenerAdapter - Downloading https://repo.maven.apache.org/maven2/org/springframework/boot/spring-boot-test/2.7.13/spring-boot-test-2.7.13.pom
2023-06-27 14:42:57,842 [Worker-13: Importing Maven projects] INFO  o.e.m.c.i.e.AbstractTransferListenerAdapter - Downloaded https://repo.maven.apache.org/maven2/org/springframework/boot/spring-boot-test/2.7.13/spring-boot-test-2.7.13.pom
2023-06-27 14:42:57,853 [Worker-13: Importing Maven projects] INFO  o.e.m.c.i.e.AbstractTransferListenerAdapter - Downloading https://repo.maven.apache.org/maven2/org/springframework/boot/spring-boot-test-autoconfigure/2.7.13/spring-boot-test-autoconfigure-2.7.13.pom
2023-06-27 14:42:57,871 [Worker-13: Importing Maven projects] INFO  o.e.m.c.i.e.AbstractTransferListenerAdapter - Downloaded https://repo.maven.apache.org/maven2/org/springframework/boot/spring-boot-test-autoconfigure/2.7.13/spring-boot-test-autoconfigure-2.7.13.pom
2023-06-27 14:42:57,933 [Worker-13: Importing Maven projects] INFO  o.e.m.c.i.e.AbstractTransferListenerAdapter - Downloading https://repo.maven.apache.org/maven2/org/springframework/spring-test/5.3.28/spring-test-5.3.28.pom
2023-06-27 14:42:57,950 [Worker-13: Importing Maven projects] INFO  o.e.m.c.i.e.AbstractTransferListenerAdapter - Downloaded https://repo.maven.apache.org/maven2/org/springframework/spring-test/5.3.28/spring-test-5.3.28.pom
2023-06-27 14:42:58,014 [AetherRepositoryConnector-repo.maven.apache.org-0-0] INFO  o.e.m.c.i.e.AbstractTransferListenerAdapter - Downloading https://repo.maven.apache.org/maven2/org/springframework/boot/spring-boot-starter-data-elasticsearch/2.7.13/spring-boot-starter-data-elasticsearch-2.7.13.jar
2023-06-27 14:42:58,020 [AetherRepositoryConnector-repo.maven.apache.org-0-3] INFO  o.e.m.c.i.e.AbstractTransferListenerAdapter - Downloading https://repo.maven.apache.org/maven2/ch/qos/logback/logback-classic/1.2.12/logback-classic-1.2.12.jar
2023-06-27 14:42:58,034 [AetherRepositoryConnector-repo.maven.apache.org-0-2] INFO  o.e.m.c.i.e.AbstractTransferListenerAdapter - Downloading https://repo.maven.apache.org/maven2/org/springframework/boot/spring-boot-starter-logging/2.7.13/spring-boot-starter-logging-2.7.13.jar
2023-06-27 14:42:58,042 [AetherRepositoryConnector-repo.maven.apache.org-0-4] INFO  o.e.m.c.i.e.AbstractTransferListenerAdapter - Downloading https://repo.maven.apache.org/maven2/ch/qos/logback/logback-core/1.2.12/logback-core-1.2.12.jar
2023-06-27 14:42:58,042 [AetherRepositoryConnector-repo.maven.apache.org-0-1] INFO  o.e.m.c.i.e.AbstractTransferListenerAdapter - Downloading https://repo.maven.apache.org/maven2/org/springframework/boot/spring-boot-starter/2.7.13/spring-boot-starter-2.7.13.jar
2023-06-27 14:42:58,048 [AetherRepositoryConnector-repo.maven.apache.org-0-0] INFO  o.e.m.c.i.e.AbstractTransferListenerAdapter - Downloaded https://repo.maven.apache.org/maven2/org/springframework/boot/spring-boot-starter-data-elasticsearch/2.7.13/spring-boot-starter-data-elasticsearch-2.7.13.jar
2023-06-27 14:42:58,072 [AetherRepositoryConnector-repo.maven.apache.org-0-1] INFO  o.e.m.c.i.e.AbstractTransferListenerAdapter - Downloaded https://repo.maven.apache.org/maven2/org/springframework/boot/spring-boot-starter/2.7.13/spring-boot-starter-2.7.13.jar
2023-06-27 14:42:58,072 [AetherRepositoryConnector-repo.maven.apache.org-0-2] INFO  o.e.m.c.i.e.AbstractTransferListenerAdapter - Downloaded https://repo.maven.apache.org/maven2/org/springframework/boot/spring-boot-starter-logging/2.7.13/spring-boot-starter-logging-2.7.13.jar
2023-06-27 14:42:58,072 [AetherRepositoryConnector-repo.maven.apache.org-0-3] INFO  o.e.m.c.i.e.AbstractTransferListenerAdapter - Downloaded https://repo.maven.apache.org/maven2/ch/qos/logback/logback-classic/1.2.12/logback-classic-1.2.12.jar
2023-06-27 14:42:58,091 [AetherRepositoryConnector-repo.maven.apache.org-0-1] INFO  o.e.m.c.i.e.AbstractTransferListenerAdapter - Downloading https://repo.maven.apache.org/maven2/org/springframework/spring-aop/5.3.28/spring-aop-5.3.28.jar
2023-06-27 14:42:58,115 [AetherRepositoryConnector-repo.maven.apache.org-0-3] INFO  o.e.m.c.i.e.AbstractTransferListenerAdapter - Downloading https://repo.maven.apache.org/maven2/org/springframework/spring-beans/5.3.28/spring-beans-5.3.28.jar
2023-06-27 14:42:58,120 [AetherRepositoryConnector-repo.maven.apache.org-0-2] INFO  o.e.m.c.i.e.AbstractTransferListenerAdapter - Downloading https://repo.maven.apache.org/maven2/org/springframework/spring-context/5.3.28/spring-context-5.3.28.jar
2023-06-27 14:42:58,133 [AetherRepositoryConnector-repo.maven.apache.org-0-4] INFO  o.e.m.c.i.e.AbstractTransferListenerAdapter - Downloaded https://repo.maven.apache.org/maven2/ch/qos/logback/logback-core/1.2.12/logback-core-1.2.12.jar
2023-06-27 14:42:58,174 [AetherRepositoryConnector-repo.maven.apache.org-0-4] INFO  o.e.m.c.i.e.AbstractTransferListenerAdapter - Downloading https://repo.maven.apache.org/maven2/org/springframework/spring-expression/5.3.28/spring-expression-5.3.28.jar
2023-06-27 14:42:58,177 [AetherRepositoryConnector-repo.maven.apache.org-0-1] INFO  o.e.m.c.i.e.AbstractTransferListenerAdapter - Downloaded https://repo.maven.apache.org/maven2/org/springframework/spring-aop/5.3.28/spring-aop-5.3.28.jar
2023-06-27 14:42:58,223 [AetherRepositoryConnector-repo.maven.apache.org-0-1] INFO  o.e.m.c.i.e.AbstractTransferListenerAdapter - Downloading https://repo.maven.apache.org/maven2/org/springframework/spring-tx/5.3.28/spring-tx-5.3.28.jar
2023-06-27 14:42:58,311 [AetherRepositoryConnector-repo.maven.apache.org-0-4] INFO  o.e.m.c.i.e.AbstractTransferListenerAdapter - Downloaded https://repo.maven.apache.org/maven2/org/springframework/spring-expression/5.3.28/spring-expression-5.3.28.jar
2023-06-27 14:42:58,344 [AetherRepositoryConnector-repo.maven.apache.org-0-4] INFO  o.e.m.c.i.e.AbstractTransferListenerAdapter - Downloading https://repo.maven.apache.org/maven2/org/springframework/data/spring-data-commons/2.7.13/spring-data-commons-2.7.13.jar
2023-06-27 14:42:58,345 [AetherRepositoryConnector-repo.maven.apache.org-0-1] INFO  o.e.m.c.i.e.AbstractTransferListenerAdapter - Downloaded https://repo.maven.apache.org/maven2/org/springframework/spring-tx/5.3.28/spring-tx-5.3.28.jar
2023-06-27 14:42:58,345 [AetherRepositoryConnector-repo.maven.apache.org-0-3] INFO  o.e.m.c.i.e.AbstractTransferListenerAdapter - Downloaded https://repo.maven.apache.org/maven2/org/springframework/spring-beans/5.3.28/spring-beans-5.3.28.jar
2023-06-27 14:42:58,407 [AetherRepositoryConnector-repo.maven.apache.org-0-2] INFO  o.e.m.c.i.e.AbstractTransferListenerAdapter - Downloaded https://repo.maven.apache.org/maven2/org/springframework/spring-context/5.3.28/spring-context-5.3.28.jar
2023-06-27 14:42:58,465 [AetherRepositoryConnector-repo.maven.apache.org-0-2] INFO  o.e.m.c.i.e.AbstractTransferListenerAdapter - Downloading https://repo.maven.apache.org/maven2/org/elasticsearch/elasticsearch-core/7.17.10/elasticsearch-core-7.17.10.jar
2023-06-27 14:42:58,475 [AetherRepositoryConnector-repo.maven.apache.org-0-2] INFO  o.e.m.c.i.e.AbstractTransferListenerAdapter - Downloaded https://repo.maven.apache.org/maven2/org/elasticsearch/elasticsearch-core/7.17.10/elasticsearch-core-7.17.10.jar
2023-06-27 14:42:58,480 [AetherRepositoryConnector-repo.maven.apache.org-0-4] INFO  o.e.m.c.i.e.AbstractTransferListenerAdapter - Downloaded https://repo.maven.apache.org/maven2/org/springframework/data/spring-data-commons/2.7.13/spring-data-commons-2.7.13.jar
2023-06-27 14:42:58,483 [AetherRepositoryConnector-repo.maven.apache.org-0-2] INFO  o.e.m.c.i.e.AbstractTransferListenerAdapter - Downloading https://repo.maven.apache.org/maven2/org/elasticsearch/elasticsearch-secure-sm/7.17.10/elasticsearch-secure-sm-7.17.10.jar
2023-06-27 14:42:58,488 [AetherRepositoryConnector-repo.maven.apache.org-0-4] INFO  o.e.m.c.i.e.AbstractTransferListenerAdapter - Downloading https://repo.maven.apache.org/maven2/org/elasticsearch/elasticsearch-x-content/7.17.10/elasticsearch-x-content-7.17.10.jar
2023-06-27 14:42:58,503 [AetherRepositoryConnector-repo.maven.apache.org-0-2] INFO  o.e.m.c.i.e.AbstractTransferListenerAdapter - Downloaded https://repo.maven.apache.org/maven2/org/elasticsearch/elasticsearch-secure-sm/7.17.10/elasticsearch-secure-sm-7.17.10.jar
2023-06-27 14:42:58,513 [AetherRepositoryConnector-repo.maven.apache.org-0-2] INFO  o.e.m.c.i.e.AbstractTransferListenerAdapter - Downloading https://repo.maven.apache.org/maven2/org/elasticsearch/elasticsearch-geo/7.17.10/elasticsearch-geo-7.17.10.jar
2023-06-27 14:42:58,514 [AetherRepositoryConnector-repo.maven.apache.org-0-4] INFO  o.e.m.c.i.e.AbstractTransferListenerAdapter - Downloaded https://repo.maven.apache.org/maven2/org/elasticsearch/elasticsearch-x-content/7.17.10/elasticsearch-x-content-7.17.10.jar
2023-06-27 14:42:58,523 [AetherRepositoryConnector-repo.maven.apache.org-0-4] INFO  o.e.m.c.i.e.AbstractTransferListenerAdapter - Downloading https://repo.maven.apache.org/maven2/org/elasticsearch/elasticsearch-lz4/7.17.10/elasticsearch-lz4-7.17.10.jar
2023-06-27 14:42:58,530 [AetherRepositoryConnector-repo.maven.apache.org-0-2] INFO  o.e.m.c.i.e.AbstractTransferListenerAdapter - Downloaded https://repo.maven.apache.org/maven2/org/elasticsearch/elasticsearch-geo/7.17.10/elasticsearch-geo-7.17.10.jar
2023-06-27 14:42:58,532 [AetherRepositoryConnector-repo.maven.apache.org-0-4] INFO  o.e.m.c.i.e.AbstractTransferListenerAdapter - Downloaded https://repo.maven.apache.org/maven2/org/elasticsearch/elasticsearch-lz4/7.17.10/elasticsearch-lz4-7.17.10.jar
2023-06-27 14:42:58,534 [AetherRepositoryConnector-repo.maven.apache.org-0-1] INFO  o.e.m.c.i.e.AbstractTransferListenerAdapter - Downloading https://repo.maven.apache.org/maven2/org/elasticsearch/client/elasticsearch-rest-high-level-client/7.17.10/elasticsearch-rest-high-level-client-7.17.10.jar
2023-06-27 14:42:58,597 [AetherRepositoryConnector-repo.maven.apache.org-0-4] INFO  o.e.m.c.i.e.AbstractTransferListenerAdapter - Downloading https://repo.maven.apache.org/maven2/org/elasticsearch/elasticsearch-plugin-classloader/7.17.10/elasticsearch-plugin-classloader-7.17.10.jar
2023-06-27 14:42:58,597 [AetherRepositoryConnector-repo.maven.apache.org-0-2] INFO  o.e.m.c.i.e.AbstractTransferListenerAdapter - Downloading https://repo.maven.apache.org/maven2/org/elasticsearch/elasticsearch-cli/7.17.10/elasticsearch-cli-7.17.10.jar
2023-06-27 14:42:58,669 [AetherRepositoryConnector-repo.maven.apache.org-0-4] INFO  o.e.m.c.i.e.AbstractTransferListenerAdapter - Downloaded https://repo.maven.apache.org/maven2/org/elasticsearch/elasticsearch-plugin-classloader/7.17.10/elasticsearch-plugin-classloader-7.17.10.jar
2023-06-27 14:42:58,692 [AetherRepositoryConnector-repo.maven.apache.org-0-4] INFO  o.e.m.c.i.e.AbstractTransferListenerAdapter - Downloading https://repo.maven.apache.org/maven2/org/elasticsearch/plugin/mapper-extras-client/7.17.10/mapper-extras-client-7.17.10.jar
2023-06-27 14:42:58,705 [AetherRepositoryConnector-repo.maven.apache.org-0-1] INFO  o.e.m.c.i.e.AbstractTransferListenerAdapter - Downloaded https://repo.maven.apache.org/maven2/org/elasticsearch/client/elasticsearch-rest-high-level-client/7.17.10/elasticsearch-rest-high-level-client-7.17.10.jar
2023-06-27 14:42:58,710 [AetherRepositoryConnector-repo.maven.apache.org-0-4] INFO  o.e.m.c.i.e.AbstractTransferListenerAdapter - Downloaded https://repo.maven.apache.org/maven2/org/elasticsearch/plugin/mapper-extras-client/7.17.10/mapper-extras-client-7.17.10.jar
2023-06-27 14:42:58,711 [AetherRepositoryConnector-repo.maven.apache.org-0-1] INFO  o.e.m.c.i.e.AbstractTransferListenerAdapter - Downloading https://repo.maven.apache.org/maven2/org/elasticsearch/plugin/parent-join-client/7.17.10/parent-join-client-7.17.10.jar
2023-06-27 14:42:58,720 [AetherRepositoryConnector-repo.maven.apache.org-0-4] INFO  o.e.m.c.i.e.AbstractTransferListenerAdapter - Downloading https://repo.maven.apache.org/maven2/org/elasticsearch/plugin/aggs-matrix-stats-client/7.17.10/aggs-matrix-stats-client-7.17.10.jar
2023-06-27 14:42:58,734 [AetherRepositoryConnector-repo.maven.apache.org-0-1] INFO  o.e.m.c.i.e.AbstractTransferListenerAdapter - Downloaded https://repo.maven.apache.org/maven2/org/elasticsearch/plugin/parent-join-client/7.17.10/parent-join-client-7.17.10.jar
2023-06-27 14:42:58,734 [AetherRepositoryConnector-repo.maven.apache.org-0-4] INFO  o.e.m.c.i.e.AbstractTransferListenerAdapter - Downloaded https://repo.maven.apache.org/maven2/org/elasticsearch/plugin/aggs-matrix-stats-client/7.17.10/aggs-matrix-stats-client-7.17.10.jar
2023-06-27 14:42:58,743 [AetherRepositoryConnector-repo.maven.apache.org-0-1] INFO  o.e.m.c.i.e.AbstractTransferListenerAdapter - Downloading https://repo.maven.apache.org/maven2/org/elasticsearch/plugin/rank-eval-client/7.17.10/rank-eval-client-7.17.10.jar
2023-06-27 14:42:58,760 [AetherRepositoryConnector-repo.maven.apache.org-0-1] INFO  o.e.m.c.i.e.AbstractTransferListenerAdapter - Downloaded https://repo.maven.apache.org/maven2/org/elasticsearch/plugin/rank-eval-client/7.17.10/rank-eval-client-7.17.10.jar
2023-06-27 14:42:58,763 [AetherRepositoryConnector-repo.maven.apache.org-0-2] INFO  o.e.m.c.i.e.AbstractTransferListenerAdapter - Downloaded https://repo.maven.apache.org/maven2/org/elasticsearch/elasticsearch-cli/7.17.10/elasticsearch-cli-7.17.10.jar
2023-06-27 14:42:58,773 [AetherRepositoryConnector-repo.maven.apache.org-0-1] INFO  o.e.m.c.i.e.AbstractTransferListenerAdapter - Downloading https://repo.maven.apache.org/maven2/org/elasticsearch/client/elasticsearch-rest-client/7.17.10/elasticsearch-rest-client-7.17.10.jar
2023-06-27 14:42:58,780 [AetherRepositoryConnector-repo.maven.apache.org-0-2] INFO  o.e.m.c.i.e.AbstractTransferListenerAdapter - Downloading https://repo.maven.apache.org/maven2/org/springframework/boot/spring-boot-devtools/2.7.13/spring-boot-devtools-2.7.13.jar
2023-06-27 14:42:58,802 [AetherRepositoryConnector-repo.maven.apache.org-0-1] INFO  o.e.m.c.i.e.AbstractTransferListenerAdapter - Downloaded https://repo.maven.apache.org/maven2/org/elasticsearch/client/elasticsearch-rest-client/7.17.10/elasticsearch-rest-client-7.17.10.jar
2023-06-27 14:42:58,814 [AetherRepositoryConnector-repo.maven.apache.org-0-2] INFO  o.e.m.c.i.e.AbstractTransferListenerAdapter - Downloaded https://repo.maven.apache.org/maven2/org/springframework/boot/spring-boot-devtools/2.7.13/spring-boot-devtools-2.7.13.jar
2023-06-27 14:42:58,818 [AetherRepositoryConnector-repo.maven.apache.org-0-1] INFO  o.e.m.c.i.e.AbstractTransferListenerAdapter - Downloading https://repo.maven.apache.org/maven2/org/springframework/boot/spring-boot/2.7.13/spring-boot-2.7.13.jar
2023-06-27 14:42:58,884 [AetherRepositoryConnector-repo.maven.apache.org-0-2] INFO  o.e.m.c.i.e.AbstractTransferListenerAdapter - Downloading https://repo.maven.apache.org/maven2/org/springframework/boot/spring-boot-autoconfigure/2.7.13/spring-boot-autoconfigure-2.7.13.jar
2023-06-27 14:42:58,933 [AetherRepositoryConnector-repo.maven.apache.org-0-4] INFO  o.e.m.c.i.e.AbstractTransferListenerAdapter - Downloading https://repo.maven.apache.org/maven2/org/elasticsearch/plugin/lang-mustache-client/7.17.10/lang-mustache-client-7.17.10.jar
2023-06-27 14:42:58,976 [AetherRepositoryConnector-repo.maven.apache.org-0-3] INFO  o.e.m.c.i.e.AbstractTransferListenerAdapter - Downloading https://repo.maven.apache.org/maven2/org/elasticsearch/elasticsearch/7.17.10/elasticsearch-7.17.10.jar
2023-06-27 14:42:59,005 [AetherRepositoryConnector-repo.maven.apache.org-0-0] INFO  o.e.m.c.i.e.AbstractTransferListenerAdapter - Downloading https://repo.maven.apache.org/maven2/org/springframework/data/spring-data-elasticsearch/4.4.13/spring-data-elasticsearch-4.4.13.jar
2023-06-27 14:42:59,030 [AetherRepositoryConnector-repo.maven.apache.org-0-4] INFO  o.e.m.c.i.e.AbstractTransferListenerAdapter - Downloaded https://repo.maven.apache.org/maven2/org/elasticsearch/plugin/lang-mustache-client/7.17.10/lang-mustache-client-7.17.10.jar
2023-06-27 14:42:59,079 [AetherRepositoryConnector-repo.maven.apache.org-0-1] INFO  o.e.m.c.i.e.AbstractTransferListenerAdapter - Downloaded https://repo.maven.apache.org/maven2/org/springframework/boot/spring-boot/2.7.13/spring-boot-2.7.13.jar
2023-06-27 14:42:59,093 [AetherRepositoryConnector-repo.maven.apache.org-0-4] INFO  o.e.m.c.i.e.AbstractTransferListenerAdapter - Downloading https://repo.maven.apache.org/maven2/org/springframework/boot/spring-boot-starter-test/2.7.13/spring-boot-starter-test-2.7.13.jar
2023-06-27 14:42:59,154 [AetherRepositoryConnector-repo.maven.apache.org-0-1] INFO  o.e.m.c.i.e.AbstractTransferListenerAdapter - Downloading https://repo.maven.apache.org/maven2/org/springframework/boot/spring-boot-test/2.7.13/spring-boot-test-2.7.13.jar
2023-06-27 14:42:59,162 [AetherRepositoryConnector-repo.maven.apache.org-0-4] INFO  o.e.m.c.i.e.AbstractTransferListenerAdapter - Downloaded https://repo.maven.apache.org/maven2/org/springframework/boot/spring-boot-starter-test/2.7.13/spring-boot-starter-test-2.7.13.jar
2023-06-27 14:42:59,226 [AetherRepositoryConnector-repo.maven.apache.org-0-4] INFO  o.e.m.c.i.e.AbstractTransferListenerAdapter - Downloading https://repo.maven.apache.org/maven2/org/springframework/boot/spring-boot-test-autoconfigure/2.7.13/spring-boot-test-autoconfigure-2.7.13.jar
2023-06-27 14:42:59,315 [AetherRepositoryConnector-repo.maven.apache.org-0-1] INFO  o.e.m.c.i.e.AbstractTransferListenerAdapter - Downloaded https://repo.maven.apache.org/maven2/org/springframework/boot/spring-boot-test/2.7.13/spring-boot-test-2.7.13.jar
2023-06-27 14:42:59,370 [AetherRepositoryConnector-repo.maven.apache.org-0-4] INFO  o.e.m.c.i.e.AbstractTransferListenerAdapter - Downloaded https://repo.maven.apache.org/maven2/org/springframework/boot/spring-boot-test-autoconfigure/2.7.13/spring-boot-test-autoconfigure-2.7.13.jar
2023-06-27 14:42:59,376 [AetherRepositoryConnector-repo.maven.apache.org-0-0] INFO  o.e.m.c.i.e.AbstractTransferListenerAdapter - Downloaded https://repo.maven.apache.org/maven2/org/springframework/data/spring-data-elasticsearch/4.4.13/spring-data-elasticsearch-4.4.13.jar
2023-06-27 14:42:59,382 [AetherRepositoryConnector-repo.maven.apache.org-0-2] INFO  o.e.m.c.i.e.AbstractTransferListenerAdapter - Downloaded https://repo.maven.apache.org/maven2/org/springframework/boot/spring-boot-autoconfigure/2.7.13/spring-boot-autoconfigure-2.7.13.jar
2023-06-27 14:42:59,385 [AetherRepositoryConnector-repo.maven.apache.org-0-1] INFO  o.e.m.c.i.e.AbstractTransferListenerAdapter - Downloading https://repo.maven.apache.org/maven2/org/springframework/spring-core/5.3.28/spring-core-5.3.28.jar
2023-06-27 14:42:59,436 [AetherRepositoryConnector-repo.maven.apache.org-0-0] INFO  o.e.m.c.i.e.AbstractTransferListenerAdapter - Downloading https://repo.maven.apache.org/maven2/org/springframework/spring-test/5.3.28/spring-test-5.3.28.jar
2023-06-27 14:42:59,436 [AetherRepositoryConnector-repo.maven.apache.org-0-4] INFO  o.e.m.c.i.e.AbstractTransferListenerAdapter - Downloading https://repo.maven.apache.org/maven2/org/springframework/spring-jcl/5.3.28/spring-jcl-5.3.28.jar
2023-06-27 14:42:59,512 [AetherRepositoryConnector-repo.maven.apache.org-0-4] INFO  o.e.m.c.i.e.AbstractTransferListenerAdapter - Downloaded https://repo.maven.apache.org/maven2/org/springframework/spring-jcl/5.3.28/spring-jcl-5.3.28.jar
2023-06-27 14:42:59,707 [AetherRepositoryConnector-repo.maven.apache.org-0-0] INFO  o.e.m.c.i.e.AbstractTransferListenerAdapter - Downloaded https://repo.maven.apache.org/maven2/org/springframework/spring-test/5.3.28/spring-test-5.3.28.jar
2023-06-27 14:42:59,788 [AetherRepositoryConnector-repo.maven.apache.org-0-1] INFO  o.e.m.c.i.e.AbstractTransferListenerAdapter - Downloaded https://repo.maven.apache.org/maven2/org/springframework/spring-core/5.3.28/spring-core-5.3.28.jar
2023-06-27 14:43:00,686 [AetherRepositoryConnector-repo.maven.apache.org-0-3] INFO  o.e.m.c.i.e.AbstractTransferListenerAdapter - Downloaded https://repo.maven.apache.org/maven2/org/elasticsearch/elasticsearch/7.17.10/elasticsearch-7.17.10.jar
2023-06-27 14:43:02,486 [Worker-13: Importing Maven projects] INFO  o.e.m.j.i.AbstractJavaProjectConfigurator - Adding source folder /BackEndSpringBoot_1/src/main/java
2023-06-27 14:43:02,487 [Worker-13: Importing Maven projects] INFO  o.e.m.j.i.AbstractJavaProjectConfigurator - Adding resource folder /BackEndSpringBoot_1/src/main/resources
2023-06-27 14:43:02,583 [Worker-13: Importing Maven projects] INFO  o.e.m.j.i.AbstractJavaProjectConfigurator - Adding resource folder /BackEndSpringBoot_1/src/main/resources
2023-06-27 14:43:02,679 [Worker-13: Importing Maven projects] INFO  o.e.m.j.i.AbstractJavaProjectConfigurator - Adding source folder /BackEndSpringBoot_1/src/test/java
2023-06-27 14:43:02,743 [Worker-21: Download sources and javadoc] INFO  o.e.m.c.i.e.AbstractTransferListenerAdapter - Downloading https://repo.maven.apache.org/maven2/org/springframework/boot/spring-boot-starter-data-elasticsearch/2.7.13/spring-boot-starter-data-elasticsearch-2.7.13-sources.jar
2023-06-27 14:43:02,886 [Worker-21: Download sources and javadoc] INFO  o.e.m.c.i.e.AbstractTransferListenerAdapter - Downloaded https://repo.maven.apache.org/maven2/org/springframework/boot/spring-boot-starter-data-elasticsearch/2.7.13/spring-boot-starter-data-elasticsearch-2.7.13-sources.jar
2023-06-27 14:43:02,892 [Worker-21: Download sources and javadoc] INFO  o.e.m.j.internal.DownloadSourcesJob - Downloaded sources for org.springframework.boot:spring-boot-starter-data-elasticsearch:2.7.13
2023-06-27 14:43:02,940 [Worker-21: Download sources and javadoc] INFO  o.e.m.c.i.e.AbstractTransferListenerAdapter - Downloading https://repo.maven.apache.org/maven2/org/springframework/boot/spring-boot-starter/2.7.13/spring-boot-starter-2.7.13-sources.jar
2023-06-27 14:43:02,951 [Worker-21: Download sources and javadoc] INFO  o.e.m.c.i.e.AbstractTransferListenerAdapter - Downloaded https://repo.maven.apache.org/maven2/org/springframework/boot/spring-boot-starter/2.7.13/spring-boot-starter-2.7.13-sources.jar
2023-06-27 14:43:02,955 [Worker-21: Download sources and javadoc] INFO  o.e.m.j.internal.DownloadSourcesJob - Downloaded sources for org.springframework.boot:spring-boot-starter:2.7.13
2023-06-27 14:43:02,992 [Worker-21: Download sources and javadoc] INFO  o.e.m.c.i.e.AbstractTransferListenerAdapter - Downloading https://repo.maven.apache.org/maven2/org/springframework/boot/spring-boot-starter-logging/2.7.13/spring-boot-starter-logging-2.7.13-sources.jar
2023-06-27 14:43:03,003 [Worker-21: Download sources and javadoc] INFO  o.e.m.c.i.e.AbstractTransferListenerAdapter - Downloaded https://repo.maven.apache.org/maven2/org/springframework/boot/spring-boot-starter-logging/2.7.13/spring-boot-starter-logging-2.7.13-sources.jar
2023-06-27 14:43:03,007 [Worker-21: Download sources and javadoc] INFO  o.e.m.j.internal.DownloadSourcesJob - Downloaded sources for org.springframework.boot:spring-boot-starter-logging:2.7.13
2023-06-27 14:43:03,046 [Worker-21: Download sources and javadoc] INFO  o.e.m.c.i.e.AbstractTransferListenerAdapter - Downloading https://repo.maven.apache.org/maven2/ch/qos/logback/logback-classic/1.2.12/logback-classic-1.2.12-sources.jar
2023-06-27 14:43:03,073 [Worker-21: Download sources and javadoc] INFO  o.e.m.c.i.e.AbstractTransferListenerAdapter - Downloaded https://repo.maven.apache.org/maven2/ch/qos/logback/logback-classic/1.2.12/logback-classic-1.2.12-sources.jar
2023-06-27 14:43:03,077 [Worker-21: Download sources and javadoc] INFO  o.e.m.j.internal.DownloadSourcesJob - Downloaded sources for ch.qos.logback:logback-classic:1.2.12
2023-06-27 14:43:03,121 [Worker-21: Download sources and javadoc] INFO  o.e.m.c.i.e.AbstractTransferListenerAdapter - Downloading https://repo.maven.apache.org/maven2/ch/qos/logback/logback-core/1.2.12/logback-core-1.2.12-sources.jar
2023-06-27 14:43:03,173 [Worker-21: Download sources and javadoc] INFO  o.e.m.c.i.e.AbstractTransferListenerAdapter - Downloaded https://repo.maven.apache.org/maven2/ch/qos/logback/logback-core/1.2.12/logback-core-1.2.12-sources.jar
2023-06-27 14:43:03,177 [Worker-21: Download sources and javadoc] INFO  o.e.m.j.internal.DownloadSourcesJob - Downloaded sources for ch.qos.logback:logback-core:1.2.12
2023-06-27 14:43:03,223 [Worker-21: Download sources and javadoc] INFO  o.e.m.c.i.e.AbstractTransferListenerAdapter - Downloading https://repo.maven.apache.org/maven2/org/springframework/data/spring-data-elasticsearch/4.4.13/spring-data-elasticsearch-4.4.13-sources.jar
2023-06-27 14:43:03,306 [Worker-21: Download sources and javadoc] INFO  o.e.m.c.i.e.AbstractTransferListenerAdapter - Downloaded https://repo.maven.apache.org/maven2/org/springframework/data/spring-data-elasticsearch/4.4.13/spring-data-elasticsearch-4.4.13-sources.jar
2023-06-27 14:43:03,309 [Worker-21: Download sources and javadoc] INFO  o.e.m.j.internal.DownloadSourcesJob - Downloaded sources for org.springframework.data:spring-data-elasticsearch:4.4.13
2023-06-27 14:43:03,345 [Worker-21: Download sources and javadoc] INFO  o.e.m.c.i.e.AbstractTransferListenerAdapter - Downloading https://repo.maven.apache.org/maven2/org/springframework/spring-context/5.3.28/spring-context-5.3.28-sources.jar
2023-06-27 14:43:03,482 [Worker-21: Download sources and javadoc] INFO  o.e.m.c.i.e.AbstractTransferListenerAdapter - Downloaded https://repo.maven.apache.org/maven2/org/springframework/spring-context/5.3.28/spring-context-5.3.28-sources.jar
2023-06-27 14:43:03,486 [Worker-21: Download sources and javadoc] INFO  o.e.m.j.internal.DownloadSourcesJob - Downloaded sources for org.springframework:spring-context:5.3.28
2023-06-27 14:43:03,523 [Worker-21: Download sources and javadoc] INFO  o.e.m.c.i.e.AbstractTransferListenerAdapter - Downloading https://repo.maven.apache.org/maven2/org/springframework/spring-aop/5.3.28/spring-aop-5.3.28-sources.jar
2023-06-27 14:43:03,574 [Worker-21: Download sources and javadoc] INFO  o.e.m.c.i.e.AbstractTransferListenerAdapter - Downloaded https://repo.maven.apache.org/maven2/org/springframework/spring-aop/5.3.28/spring-aop-5.3.28-sources.jar
2023-06-27 14:43:03,578 [Worker-21: Download sources and javadoc] INFO  o.e.m.j.internal.DownloadSourcesJob - Downloaded sources for org.springframework:spring-aop:5.3.28
2023-06-27 14:43:03,641 [Worker-21: Download sources and javadoc] INFO  o.e.m.c.i.e.AbstractTransferListenerAdapter - Downloading https://repo.maven.apache.org/maven2/org/springframework/spring-beans/5.3.28/spring-beans-5.3.28-sources.jar
2023-06-27 14:43:03,719 [Worker-21: Download sources and javadoc] INFO  o.e.m.c.i.e.AbstractTransferListenerAdapter - Downloaded https://repo.maven.apache.org/maven2/org/springframework/spring-beans/5.3.28/spring-beans-5.3.28-sources.jar
2023-06-27 14:43:03,724 [Worker-21: Download sources and javadoc] INFO  o.e.m.j.internal.DownloadSourcesJob - Downloaded sources for org.springframework:spring-beans:5.3.28
2023-06-27 14:43:03,761 [Worker-21: Download sources and javadoc] INFO  o.e.m.c.i.e.AbstractTransferListenerAdapter - Downloading https://repo.maven.apache.org/maven2/org/springframework/spring-expression/5.3.28/spring-expression-5.3.28-sources.jar
2023-06-27 14:43:03,789 [Worker-21: Download sources and javadoc] INFO  o.e.m.c.i.e.AbstractTransferListenerAdapter - Downloaded https://repo.maven.apache.org/maven2/org/springframework/spring-expression/5.3.28/spring-expression-5.3.28-sources.jar
2023-06-27 14:43:03,792 [Worker-21: Download sources and javadoc] INFO  o.e.m.j.internal.DownloadSourcesJob - Downloaded sources for org.springframework:spring-expression:5.3.28
2023-06-27 14:43:03,830 [Worker-21: Download sources and javadoc] INFO  o.e.m.c.i.e.AbstractTransferListenerAdapter - Downloading https://repo.maven.apache.org/maven2/org/springframework/spring-tx/5.3.28/spring-tx-5.3.28-sources.jar
2023-06-27 14:43:03,871 [Worker-21: Download sources and javadoc] INFO  o.e.m.c.i.e.AbstractTransferListenerAdapter - Downloaded https://repo.maven.apache.org/maven2/org/springframework/spring-tx/5.3.28/spring-tx-5.3.28-sources.jar
2023-06-27 14:43:03,875 [Worker-21: Download sources and javadoc] INFO  o.e.m.j.internal.DownloadSourcesJob - Downloaded sources for org.springframework:spring-tx:5.3.28
2023-06-27 14:43:03,915 [Worker-21: Download sources and javadoc] INFO  o.e.m.c.i.e.AbstractTransferListenerAdapter - Downloading https://repo.maven.apache.org/maven2/org/springframework/data/spring-data-commons/2.7.13/spring-data-commons-2.7.13-sources.jar
2023-06-27 14:43:04,021 [Worker-21: Download sources and javadoc] INFO  o.e.m.c.i.e.AbstractTransferListenerAdapter - Downloaded https://repo.maven.apache.org/maven2/org/springframework/data/spring-data-commons/2.7.13/spring-data-commons-2.7.13-sources.jar
2023-06-27 14:43:04,024 [Worker-21: Download sources and javadoc] INFO  o.e.m.j.internal.DownloadSourcesJob - Downloaded sources for org.springframework.data:spring-data-commons:2.7.13
2023-06-27 14:43:04,049 [Worker-21: Download sources and javadoc] INFO  o.e.m.c.i.e.AbstractTransferListenerAdapter - Downloading https://repo.maven.apache.org/maven2/org/elasticsearch/client/elasticsearch-rest-high-level-client/7.17.10/elasticsearch-rest-high-level-client-7.17.10-sources.jar
2023-06-27 14:43:04,148 [Worker-21: Download sources and javadoc] INFO  o.e.m.c.i.e.AbstractTransferListenerAdapter - Downloaded https://repo.maven.apache.org/maven2/org/elasticsearch/client/elasticsearch-rest-high-level-client/7.17.10/elasticsearch-rest-high-level-client-7.17.10-sources.jar
2023-06-27 14:43:04,151 [Worker-21: Download sources and javadoc] INFO  o.e.m.j.internal.DownloadSourcesJob - Downloaded sources for org.elasticsearch.client:elasticsearch-rest-high-level-client:7.17.10
2023-06-27 14:43:04,703 [Worker-21: Download sources and javadoc] INFO  o.e.m.c.i.e.AbstractTransferListenerAdapter - Downloading https://repo.maven.apache.org/maven2/org/elasticsearch/elasticsearch/7.17.10/elasticsearch-7.17.10-sources.jar
2023-06-27 14:43:05,451 [Worker-21: Download sources and javadoc] INFO  o.e.m.c.i.e.AbstractTransferListenerAdapter - Downloaded https://repo.maven.apache.org/maven2/org/elasticsearch/elasticsearch/7.17.10/elasticsearch-7.17.10-sources.jar
2023-06-27 14:43:05,455 [Worker-21: Download sources and javadoc] INFO  o.e.m.j.internal.DownloadSourcesJob - Downloaded sources for org.elasticsearch:elasticsearch:7.17.10
2023-06-27 14:43:05,491 [Worker-21: Download sources and javadoc] INFO  o.e.m.c.i.e.AbstractTransferListenerAdapter - Downloading https://repo.maven.apache.org/maven2/org/elasticsearch/elasticsearch-core/7.17.10/elasticsearch-core-7.17.10-sources.jar
2023-06-27 14:43:05,520 [Worker-21: Download sources and javadoc] INFO  o.e.m.c.i.e.AbstractTransferListenerAdapter - Downloaded https://repo.maven.apache.org/maven2/org/elasticsearch/elasticsearch-core/7.17.10/elasticsearch-core-7.17.10-sources.jar
2023-06-27 14:43:05,524 [Worker-21: Download sources and javadoc] INFO  o.e.m.j.internal.DownloadSourcesJob - Downloaded sources for org.elasticsearch:elasticsearch-core:7.17.10
2023-06-27 14:43:05,710 [Worker-21: Download sources and javadoc] INFO  o.e.m.c.i.e.AbstractTransferListenerAdapter - Downloading https://repo.maven.apache.org/maven2/org/elasticsearch/elasticsearch-secure-sm/7.17.10/elasticsearch-secure-sm-7.17.10-sources.jar
2023-06-27 14:43:05,724 [Worker-21: Download sources and javadoc] INFO  o.e.m.c.i.e.AbstractTransferListenerAdapter - Downloaded https://repo.maven.apache.org/maven2/org/elasticsearch/elasticsearch-secure-sm/7.17.10/elasticsearch-secure-sm-7.17.10-sources.jar
2023-06-27 14:43:05,729 [Worker-21: Download sources and javadoc] INFO  o.e.m.j.internal.DownloadSourcesJob - Downloaded sources for org.elasticsearch:elasticsearch-secure-sm:7.17.10
2023-06-27 14:43:05,770 [Worker-21: Download sources and javadoc] INFO  o.e.m.c.i.e.AbstractTransferListenerAdapter - Downloading https://repo.maven.apache.org/maven2/org/elasticsearch/elasticsearch-x-content/7.17.10/elasticsearch-x-content-7.17.10-sources.jar
2023-06-27 14:43:05,784 [Worker-21: Download sources and javadoc] INFO  o.e.m.c.i.e.AbstractTransferListenerAdapter - Downloaded https://repo.maven.apache.org/maven2/org/elasticsearch/elasticsearch-x-content/7.17.10/elasticsearch-x-content-7.17.10-sources.jar
2023-06-27 14:43:05,789 [Worker-21: Download sources and javadoc] INFO  o.e.m.j.internal.DownloadSourcesJob - Downloaded sources for org.elasticsearch:elasticsearch-x-content:7.17.10
2023-06-27 14:43:05,830 [Worker-21: Download sources and javadoc] INFO  o.e.m.c.i.e.AbstractTransferListenerAdapter - Downloading https://repo.maven.apache.org/maven2/com/fasterxml/jackson/dataformat/jackson-dataformat-smile/2.13.5/jackson-dataformat-smile-2.13.5-sources.jar
2023-06-27 14:43:05,873 [Worker-21: Download sources and javadoc] INFO  o.e.m.c.i.e.AbstractTransferListenerAdapter - Downloaded https://repo.maven.apache.org/maven2/com/fasterxml/jackson/dataformat/jackson-dataformat-smile/2.13.5/jackson-dataformat-smile-2.13.5-sources.jar
2023-06-27 14:43:05,878 [Worker-21: Download sources and javadoc] INFO  o.e.m.j.internal.DownloadSourcesJob - Downloaded sources for com.fasterxml.jackson.dataformat:jackson-dataformat-smile:2.13.5
2023-06-27 14:43:05,953 [Worker-21: Download sources and javadoc] INFO  o.e.m.c.i.e.AbstractTransferListenerAdapter - Downloading https://repo.maven.apache.org/maven2/com/fasterxml/jackson/dataformat/jackson-dataformat-yaml/2.13.5/jackson-dataformat-yaml-2.13.5-sources.jar
2023-06-27 14:43:05,984 [Worker-21: Download sources and javadoc] INFO  o.e.m.c.i.e.AbstractTransferListenerAdapter - Downloaded https://repo.maven.apache.org/maven2/com/fasterxml/jackson/dataformat/jackson-dataformat-yaml/2.13.5/jackson-dataformat-yaml-2.13.5-sources.jar
2023-06-27 14:43:05,989 [Worker-21: Download sources and javadoc] INFO  o.e.m.j.internal.DownloadSourcesJob - Downloaded sources for com.fasterxml.jackson.dataformat:jackson-dataformat-yaml:2.13.5
2023-06-27 14:43:06,036 [Worker-21: Download sources and javadoc] INFO  o.e.m.c.i.e.AbstractTransferListenerAdapter - Downloading https://repo.maven.apache.org/maven2/com/fasterxml/jackson/dataformat/jackson-dataformat-cbor/2.13.5/jackson-dataformat-cbor-2.13.5-sources.jar
2023-06-27 14:43:06,061 [Worker-21: Download sources and javadoc] INFO  o.e.m.c.i.e.AbstractTransferListenerAdapter - Downloaded https://repo.maven.apache.org/maven2/com/fasterxml/jackson/dataformat/jackson-dataformat-cbor/2.13.5/jackson-dataformat-cbor-2.13.5-sources.jar
2023-06-27 14:43:06,068 [Worker-21: Download sources and javadoc] INFO  o.e.m.j.internal.DownloadSourcesJob - Downloaded sources for com.fasterxml.jackson.dataformat:jackson-dataformat-cbor:2.13.5
2023-06-27 14:43:06,106 [Worker-21: Download sources and javadoc] INFO  o.e.m.c.i.e.AbstractTransferListenerAdapter - Downloading https://repo.maven.apache.org/maven2/org/elasticsearch/elasticsearch-geo/7.17.10/elasticsearch-geo-7.17.10-sources.jar
2023-06-27 14:43:06,140 [Worker-21: Download sources and javadoc] INFO  o.e.m.c.i.e.AbstractTransferListenerAdapter - Downloaded https://repo.maven.apache.org/maven2/org/elasticsearch/elasticsearch-geo/7.17.10/elasticsearch-geo-7.17.10-sources.jar
2023-06-27 14:43:06,146 [Worker-21: Download sources and javadoc] INFO  o.e.m.j.internal.DownloadSourcesJob - Downloaded sources for org.elasticsearch:elasticsearch-geo:7.17.10
2023-06-27 14:43:06,260 [Worker-13: Importing Maven projects] INFO  o.e.m.c.i.p.ProjectConfigurationManager - Imported and configured 1 project(s) in 12 sec
2023-06-27 14:43:06,320 [Worker-21: Download sources and javadoc] INFO  o.e.m.c.i.e.AbstractTransferListenerAdapter - Downloading https://repo.maven.apache.org/maven2/org/elasticsearch/elasticsearch-lz4/7.17.10/elasticsearch-lz4-7.17.10-sources.jar
2023-06-27 14:43:06,472 [Worker-21: Download sources and javadoc] INFO  o.e.m.c.i.e.AbstractTransferListenerAdapter - Downloaded https://repo.maven.apache.org/maven2/org/elasticsearch/elasticsearch-lz4/7.17.10/elasticsearch-lz4-7.17.10-sources.jar
2023-06-27 14:43:06,477 [Worker-21: Download sources and javadoc] INFO  o.e.m.j.internal.DownloadSourcesJob - Downloaded sources for org.elasticsearch:elasticsearch-lz4:7.17.10
2023-06-27 14:43:06,525 [Worker-21: Download sources and javadoc] INFO  o.e.m.c.i.e.AbstractTransferListenerAdapter - Downloading https://repo.maven.apache.org/maven2/org/elasticsearch/elasticsearch-cli/7.17.10/elasticsearch-cli-7.17.10-sources.jar
2023-06-27 14:43:06,539 [Worker-21: Download sources and javadoc] INFO  o.e.m.c.i.e.AbstractTransferListenerAdapter - Downloaded https://repo.maven.apache.org/maven2/org/elasticsearch/elasticsearch-cli/7.17.10/elasticsearch-cli-7.17.10-sources.jar
2023-06-27 14:43:06,544 [Worker-21: Download sources and javadoc] INFO  o.e.m.j.internal.DownloadSourcesJob - Downloaded sources for org.elasticsearch:elasticsearch-cli:7.17.10
2023-06-27 14:43:06,594 [Worker-21: Download sources and javadoc] INFO  o.e.m.c.i.e.AbstractTransferListenerAdapter - Downloading https://repo.maven.apache.org/maven2/org/elasticsearch/elasticsearch-plugin-classloader/7.17.10/elasticsearch-plugin-classloader-7.17.10-sources.jar
2023-06-27 14:43:06,607 [Worker-21: Download sources and javadoc] INFO  o.e.m.c.i.e.AbstractTransferListenerAdapter - Downloaded https://repo.maven.apache.org/maven2/org/elasticsearch/elasticsearch-plugin-classloader/7.17.10/elasticsearch-plugin-classloader-7.17.10-sources.jar
2023-06-27 14:43:06,613 [Worker-21: Download sources and javadoc] INFO  o.e.m.j.internal.DownloadSourcesJob - Downloaded sources for org.elasticsearch:elasticsearch-plugin-classloader:7.17.10
2023-06-27 14:43:06,651 [Worker-21: Download sources and javadoc] INFO  o.e.m.c.i.e.AbstractTransferListenerAdapter - Downloading https://repo.maven.apache.org/maven2/org/elasticsearch/plugin/mapper-extras-client/7.17.10/mapper-extras-client-7.17.10-sources.jar
2023-06-27 14:43:06,684 [Worker-21: Download sources and javadoc] INFO  o.e.m.c.i.e.AbstractTransferListenerAdapter - Downloaded https://repo.maven.apache.org/maven2/org/elasticsearch/plugin/mapper-extras-client/7.17.10/mapper-extras-client-7.17.10-sources.jar
2023-06-27 14:43:06,688 [Worker-21: Download sources and javadoc] INFO  o.e.m.j.internal.DownloadSourcesJob - Downloaded sources for org.elasticsearch.plugin:mapper-extras-client:7.17.10
2023-06-27 14:43:06,727 [Worker-21: Download sources and javadoc] INFO  o.e.m.c.i.e.AbstractTransferListenerAdapter - Downloading https://repo.maven.apache.org/maven2/org/elasticsearch/plugin/parent-join-client/7.17.10/parent-join-client-7.17.10-sources.jar
2023-06-27 14:43:06,746 [Worker-21: Download sources and javadoc] INFO  o.e.m.c.i.e.AbstractTransferListenerAdapter - Downloaded https://repo.maven.apache.org/maven2/org/elasticsearch/plugin/parent-join-client/7.17.10/parent-join-client-7.17.10-sources.jar
2023-06-27 14:43:06,751 [Worker-21: Download sources and javadoc] INFO  o.e.m.j.internal.DownloadSourcesJob - Downloaded sources for org.elasticsearch.plugin:parent-join-client:7.17.10
2023-06-27 14:43:06,791 [Worker-21: Download sources and javadoc] INFO  o.e.m.c.i.e.AbstractTransferListenerAdapter - Downloading https://repo.maven.apache.org/maven2/org/elasticsearch/plugin/aggs-matrix-stats-client/7.17.10/aggs-matrix-stats-client-7.17.10-sources.jar
2023-06-27 14:43:06,814 [Worker-21: Download sources and javadoc] INFO  o.e.m.c.i.e.AbstractTransferListenerAdapter - Downloaded https://repo.maven.apache.org/maven2/org/elasticsearch/plugin/aggs-matrix-stats-client/7.17.10/aggs-matrix-stats-client-7.17.10-sources.jar
2023-06-27 14:43:06,820 [Worker-21: Download sources and javadoc] INFO  o.e.m.j.internal.DownloadSourcesJob - Downloaded sources for org.elasticsearch.plugin:aggs-matrix-stats-client:7.17.10
2023-06-27 14:43:06,869 [Worker-21: Download sources and javadoc] INFO  o.e.m.c.i.e.AbstractTransferListenerAdapter - Downloading https://repo.maven.apache.org/maven2/org/elasticsearch/plugin/rank-eval-client/7.17.10/rank-eval-client-7.17.10-sources.jar
2023-06-27 14:43:06,883 [Worker-21: Download sources and javadoc] INFO  o.e.m.c.i.e.AbstractTransferListenerAdapter - Downloaded https://repo.maven.apache.org/maven2/org/elasticsearch/plugin/rank-eval-client/7.17.10/rank-eval-client-7.17.10-sources.jar
2023-06-27 14:43:06,889 [Worker-21: Download sources and javadoc] INFO  o.e.m.j.internal.DownloadSourcesJob - Downloaded sources for org.elasticsearch.plugin:rank-eval-client:7.17.10
2023-06-27 14:43:06,925 [Worker-21: Download sources and javadoc] INFO  o.e.m.c.i.e.AbstractTransferListenerAdapter - Downloading https://repo.maven.apache.org/maven2/org/elasticsearch/plugin/lang-mustache-client/7.17.10/lang-mustache-client-7.17.10-sources.jar
2023-06-27 14:43:06,945 [Worker-21: Download sources and javadoc] INFO  o.e.m.c.i.e.AbstractTransferListenerAdapter - Downloaded https://repo.maven.apache.org/maven2/org/elasticsearch/plugin/lang-mustache-client/7.17.10/lang-mustache-client-7.17.10-sources.jar
2023-06-27 14:43:06,950 [Worker-21: Download sources and javadoc] INFO  o.e.m.j.internal.DownloadSourcesJob - Downloaded sources for org.elasticsearch.plugin:lang-mustache-client:7.17.10
2023-06-27 14:43:07,284 [Worker-21: Download sources and javadoc] INFO  o.e.m.c.i.e.AbstractTransferListenerAdapter - Downloading https://repo.maven.apache.org/maven2/co/elastic/clients/elasticsearch-java/7.17.9/elasticsearch-java-7.17.9-sources.jar
2023-06-27 14:43:07,798 [Worker-21: Download sources and javadoc] INFO  o.e.m.c.i.e.AbstractTransferListenerAdapter - Downloaded https://repo.maven.apache.org/maven2/co/elastic/clients/elasticsearch-java/7.17.9/elasticsearch-java-7.17.9-sources.jar
2023-06-27 14:43:07,804 [Worker-21: Download sources and javadoc] INFO  o.e.m.j.internal.DownloadSourcesJob - Downloaded sources for co.elastic.clients:elasticsearch-java:7.17.9
2023-06-27 14:43:07,840 [Worker-21: Download sources and javadoc] INFO  o.e.m.c.i.e.AbstractTransferListenerAdapter - Downloading https://repo.maven.apache.org/maven2/org/elasticsearch/client/elasticsearch-rest-client/7.17.10/elasticsearch-rest-client-7.17.10-sources.jar
2023-06-27 14:43:07,855 [Worker-21: Download sources and javadoc] INFO  o.e.m.c.i.e.AbstractTransferListenerAdapter - Downloaded https://repo.maven.apache.org/maven2/org/elasticsearch/client/elasticsearch-rest-client/7.17.10/elasticsearch-rest-client-7.17.10-sources.jar
2023-06-27 14:43:07,861 [Worker-21: Download sources and javadoc] INFO  o.e.m.j.internal.DownloadSourcesJob - Downloaded sources for org.elasticsearch.client:elasticsearch-rest-client:7.17.10
2023-06-27 14:43:07,907 [Worker-21: Download sources and javadoc] INFO  o.e.m.c.i.e.AbstractTransferListenerAdapter - Downloading https://repo.maven.apache.org/maven2/org/springframework/boot/spring-boot-devtools/2.7.13/spring-boot-devtools-2.7.13-sources.jar
2023-06-27 14:43:07,958 [Worker-21: Download sources and javadoc] INFO  o.e.m.c.i.e.AbstractTransferListenerAdapter - Downloaded https://repo.maven.apache.org/maven2/org/springframework/boot/spring-boot-devtools/2.7.13/spring-boot-devtools-2.7.13-sources.jar
2023-06-27 14:43:07,980 [Worker-21: Download sources and javadoc] INFO  o.e.m.j.internal.DownloadSourcesJob - Downloaded sources for org.springframework.boot:spring-boot-devtools:2.7.13
2023-06-27 14:43:08,047 [Worker-21: Download sources and javadoc] INFO  o.e.m.c.i.e.AbstractTransferListenerAdapter - Downloading https://repo.maven.apache.org/maven2/org/springframework/boot/spring-boot/2.7.13/spring-boot-2.7.13-sources.jar
2023-06-27 14:43:08,243 [Worker-21: Download sources and javadoc] INFO  o.e.m.c.i.e.AbstractTransferListenerAdapter - Downloaded https://repo.maven.apache.org/maven2/org/springframework/boot/spring-boot/2.7.13/spring-boot-2.7.13-sources.jar
2023-06-27 14:43:08,249 [Worker-21: Download sources and javadoc] INFO  o.e.m.j.internal.DownloadSourcesJob - Downloaded sources for org.springframework.boot:spring-boot:2.7.13
2023-06-27 14:43:08,291 [Worker-21: Download sources and javadoc] INFO  o.e.m.c.i.e.AbstractTransferListenerAdapter - Downloading https://repo.maven.apache.org/maven2/org/springframework/boot/spring-boot-autoconfigure/2.7.13/spring-boot-autoconfigure-2.7.13-sources.jar
2023-06-27 14:43:08,405 [Worker-21: Download sources and javadoc] INFO  o.e.m.c.i.e.AbstractTransferListenerAdapter - Downloaded https://repo.maven.apache.org/maven2/org/springframework/boot/spring-boot-autoconfigure/2.7.13/spring-boot-autoconfigure-2.7.13-sources.jar
2023-06-27 14:43:08,412 [Worker-21: Download sources and javadoc] INFO  o.e.m.j.internal.DownloadSourcesJob - Downloaded sources for org.springframework.boot:spring-boot-autoconfigure:2.7.13
2023-06-27 14:43:08,454 [Worker-21: Download sources and javadoc] INFO  o.e.m.c.i.e.AbstractTransferListenerAdapter - Downloading https://repo.maven.apache.org/maven2/org/springframework/boot/spring-boot-starter-test/2.7.13/spring-boot-starter-test-2.7.13-sources.jar
2023-06-27 14:43:08,476 [Worker-21: Download sources and javadoc] INFO  o.e.m.c.i.e.AbstractTransferListenerAdapter - Downloaded https://repo.maven.apache.org/maven2/org/springframework/boot/spring-boot-starter-test/2.7.13/spring-boot-starter-test-2.7.13-sources.jar
2023-06-27 14:43:08,483 [Worker-21: Download sources and javadoc] INFO  o.e.m.j.internal.DownloadSourcesJob - Downloaded sources for org.springframework.boot:spring-boot-starter-test:2.7.13
2023-06-27 14:43:08,535 [Worker-21: Download sources and javadoc] INFO  o.e.m.c.i.e.AbstractTransferListenerAdapter - Downloading https://repo.maven.apache.org/maven2/org/springframework/boot/spring-boot-test/2.7.13/spring-boot-test-2.7.13-sources.jar
2023-06-27 14:43:08,563 [Worker-21: Download sources and javadoc] INFO  o.e.m.c.i.e.AbstractTransferListenerAdapter - Downloaded https://repo.maven.apache.org/maven2/org/springframework/boot/spring-boot-test/2.7.13/spring-boot-test-2.7.13-sources.jar
2023-06-27 14:43:08,568 [Worker-21: Download sources and javadoc] INFO  o.e.m.j.internal.DownloadSourcesJob - Downloaded sources for org.springframework.boot:spring-boot-test:2.7.13
2023-06-27 14:43:08,617 [Worker-21: Download sources and javadoc] INFO  o.e.m.c.i.e.AbstractTransferListenerAdapter - Downloading https://repo.maven.apache.org/maven2/org/springframework/boot/spring-boot-test-autoconfigure/2.7.13/spring-boot-test-autoconfigure-2.7.13-sources.jar
2023-06-27 14:43:08,655 [Worker-21: Download sources and javadoc] INFO  o.e.m.c.i.e.AbstractTransferListenerAdapter - Downloaded https://repo.maven.apache.org/maven2/org/springframework/boot/spring-boot-test-autoconfigure/2.7.13/spring-boot-test-autoconfigure-2.7.13-sources.jar
2023-06-27 14:43:08,661 [Worker-21: Download sources and javadoc] INFO  o.e.m.j.internal.DownloadSourcesJob - Downloaded sources for org.springframework.boot:spring-boot-test-autoconfigure:2.7.13
2023-06-27 14:43:08,704 [Worker-21: Download sources and javadoc] INFO  o.e.m.c.i.e.AbstractTransferListenerAdapter - Downloading https://repo.maven.apache.org/maven2/org/springframework/spring-core/5.3.28/spring-core-5.3.28-sources.jar
2023-06-27 14:43:08,839 [Worker-21: Download sources and javadoc] INFO  o.e.m.c.i.e.AbstractTransferListenerAdapter - Downloaded https://repo.maven.apache.org/maven2/org/springframework/spring-core/5.3.28/spring-core-5.3.28-sources.jar
2023-06-27 14:43:08,845 [Worker-21: Download sources and javadoc] INFO  o.e.m.j.internal.DownloadSourcesJob - Downloaded sources for org.springframework:spring-core:5.3.28
2023-06-27 14:43:08,890 [Worker-21: Download sources and javadoc] INFO  o.e.m.c.i.e.AbstractTransferListenerAdapter - Downloading https://repo.maven.apache.org/maven2/org/springframework/spring-jcl/5.3.28/spring-jcl-5.3.28-sources.jar
2023-06-27 14:43:08,908 [Worker-21: Download sources and javadoc] INFO  o.e.m.c.i.e.AbstractTransferListenerAdapter - Downloaded https://repo.maven.apache.org/maven2/org/springframework/spring-jcl/5.3.28/spring-jcl-5.3.28-sources.jar
2023-06-27 14:43:08,914 [Worker-21: Download sources and javadoc] INFO  o.e.m.j.internal.DownloadSourcesJob - Downloaded sources for org.springframework:spring-jcl:5.3.28
2023-06-27 14:43:08,954 [Worker-21: Download sources and javadoc] INFO  o.e.m.c.i.e.AbstractTransferListenerAdapter - Downloading https://repo.maven.apache.org/maven2/org/springframework/spring-test/5.3.28/spring-test-5.3.28-sources.jar
2023-06-27 14:43:09,063 [Worker-21: Download sources and javadoc] INFO  o.e.m.c.i.e.AbstractTransferListenerAdapter - Downloaded https://repo.maven.apache.org/maven2/org/springframework/spring-test/5.3.28/spring-test-5.3.28-sources.jar
2023-06-27 14:43:09,069 [Worker-21: Download sources and javadoc] INFO  o.e.m.j.internal.DownloadSourcesJob - Downloaded sources for org.springframework:spring-test:5.3.28
2023-08-16 16:15:34,853 [Worker-0: Loading available Gradle versions] INFO  o.e.b.c.i.u.g.PublishedGradleVersions - Gradle version information cache is out-of-date. Trying to update.
2023-08-16 16:18:15,054 [Worker-14: Updating Maven Dependencies] ERROR o.e.m.j.i.l.MavenLaunchConfigurationListener - Launch configuration BackEndSpringBoot1Application references non-existing project BackEndSpringBoot_1.
org.eclipse.core.runtime.CoreException: Launch configuration BackEndSpringBoot1Application references non-existing project BackEndSpringBoot_1.
	at org.eclipse.jdt.launching.JavaRuntime.abort(JavaRuntime.java:1861)
	at org.eclipse.jdt.launching.JavaRuntime.getJavaProject(JavaRuntime.java:1736)
	at org.eclipse.m2e.jdt.internal.launch.MavenLaunchConfigurationListener.updateLaunchConfiguration(MavenLaunchConfigurationListener.java:64)
	at org.eclipse.m2e.jdt.internal.launch.MavenLaunchConfigurationListener.launchConfigurationChanged(MavenLaunchConfigurationListener.java:50)
	at org.eclipse.debug.internal.core.LaunchManager$ConfigurationNotifier.run(LaunchManager.java:225)
	at org.eclipse.core.runtime.SafeRunner.run(SafeRunner.java:45)
	at org.eclipse.debug.internal.core.LaunchManager$ConfigurationNotifier.notify(LaunchManager.java:209)
	at org.eclipse.debug.internal.core.LaunchConfigurationWorkingCopy.setDirty(LaunchConfigurationWorkingCopy.java:524)
	at org.eclipse.debug.internal.core.LaunchConfigurationWorkingCopy.setAttribute(LaunchConfigurationWorkingCopy.java:412)
	at org.eclipse.m2e.jdt.internal.launch.MavenRuntimeClasspathProvider.disable(MavenRuntimeClasspathProvider.java:410)
	at org.eclipse.m2e.jdt.internal.launch.MavenRuntimeClasspathProvider.disable(MavenRuntimeClasspathProvider.java:436)
	at org.eclipse.m2e.jdt.internal.launch.MavenLaunchConfigurationListener.mavenProjectChanged(MavenLaunchConfigurationListener.java:135)
	at org.eclipse.m2e.core.internal.project.registry.ProjectRegistryManager.notifyProjectChangeListeners(ProjectRegistryManager.java:832)
	at org.eclipse.m2e.core.internal.project.registry.ProjectRegistryManager.applyMutableProjectRegistry(ProjectRegistryManager.java:985)
	at org.eclipse.m2e.core.internal.project.registry.ProjectRegistryRefreshJob.lambda$0(ProjectRegistryRefreshJob.java:162)
	at org.eclipse.m2e.core.internal.embedder.MavenExecutionContext.executeBare(MavenExecutionContext.java:364)
	at org.eclipse.m2e.core.internal.embedder.MavenExecutionContext.execute(MavenExecutionContext.java:274)
	at org.eclipse.m2e.core.internal.embedder.MavenExecutionContext.execute(MavenExecutionContext.java:213)
	at org.eclipse.m2e.core.internal.project.registry.ProjectRegistryRefreshJob.run(ProjectRegistryRefreshJob.java:106)
	at org.eclipse.core.internal.jobs.Worker.run(Worker.java:63)
2023-08-16 16:18:15,057 [Worker-14: Updating Maven Dependencies] ERROR o.e.m.j.i.l.MavenLaunchConfigurationListener - Launch configuration BackEndSpringBoot1Application references non-existing project BackEndSpringBoot_1.
org.eclipse.core.runtime.CoreException: Launch configuration BackEndSpringBoot1Application references non-existing project BackEndSpringBoot_1.
	at org.eclipse.jdt.launching.JavaRuntime.abort(JavaRuntime.java:1861)
	at org.eclipse.jdt.launching.JavaRuntime.getJavaProject(JavaRuntime.java:1736)
	at org.eclipse.m2e.jdt.internal.launch.MavenLaunchConfigurationListener.updateLaunchConfiguration(MavenLaunchConfigurationListener.java:64)
	at org.eclipse.m2e.jdt.internal.launch.MavenLaunchConfigurationListener.launchConfigurationChanged(MavenLaunchConfigurationListener.java:50)
	at org.eclipse.debug.internal.core.LaunchManager$ConfigurationNotifier.run(LaunchManager.java:225)
	at org.eclipse.core.runtime.SafeRunner.run(SafeRunner.java:45)
	at org.eclipse.debug.internal.core.LaunchManager$ConfigurationNotifier.notify(LaunchManager.java:209)
	at org.eclipse.debug.internal.core.LaunchConfigurationWorkingCopy.setDirty(LaunchConfigurationWorkingCopy.java:524)
	at org.eclipse.debug.internal.core.LaunchConfigurationWorkingCopy.setAttribute(LaunchConfigurationWorkingCopy.java:412)
	at org.eclipse.m2e.jdt.internal.launch.MavenRuntimeClasspathProvider.disable(MavenRuntimeClasspathProvider.java:411)
	at org.eclipse.m2e.jdt.internal.launch.MavenRuntimeClasspathProvider.disable(MavenRuntimeClasspathProvider.java:436)
	at org.eclipse.m2e.jdt.internal.launch.MavenLaunchConfigurationListener.mavenProjectChanged(MavenLaunchConfigurationListener.java:135)
	at org.eclipse.m2e.core.internal.project.registry.ProjectRegistryManager.notifyProjectChangeListeners(ProjectRegistryManager.java:832)
	at org.eclipse.m2e.core.internal.project.registry.ProjectRegistryManager.applyMutableProjectRegistry(ProjectRegistryManager.java:985)
	at org.eclipse.m2e.core.internal.project.registry.ProjectRegistryRefreshJob.lambda$0(ProjectRegistryRefreshJob.java:162)
	at org.eclipse.m2e.core.internal.embedder.MavenExecutionContext.executeBare(MavenExecutionContext.java:364)
	at org.eclipse.m2e.core.internal.embedder.MavenExecutionContext.execute(MavenExecutionContext.java:274)
	at org.eclipse.m2e.core.internal.embedder.MavenExecutionContext.execute(MavenExecutionContext.java:213)
	at org.eclipse.m2e.core.internal.project.registry.ProjectRegistryRefreshJob.run(ProjectRegistryRefreshJob.java:106)
	at org.eclipse.core.internal.jobs.Worker.run(Worker.java:63)
2023-08-16 16:18:15,134 [Worker-14: Updating Maven Dependencies] ERROR o.e.m.j.i.l.MavenLaunchConfigurationListener - Launch configuration BackEndSpringBoot1Application references non-existing project BackEndSpringBoot_1.
org.eclipse.core.runtime.CoreException: Launch configuration BackEndSpringBoot1Application references non-existing project BackEndSpringBoot_1.
	at org.eclipse.jdt.launching.JavaRuntime.abort(JavaRuntime.java:1861)
	at org.eclipse.jdt.launching.JavaRuntime.getJavaProject(JavaRuntime.java:1736)
	at org.eclipse.m2e.jdt.internal.launch.MavenLaunchConfigurationListener.updateLaunchConfiguration(MavenLaunchConfigurationListener.java:64)
	at org.eclipse.m2e.jdt.internal.launch.MavenLaunchConfigurationListener.launchConfigurationChanged(MavenLaunchConfigurationListener.java:50)
	at org.eclipse.debug.internal.core.LaunchManager$ConfigurationNotifier.run(LaunchManager.java:225)
	at org.eclipse.core.runtime.SafeRunner.run(SafeRunner.java:45)
	at org.eclipse.debug.internal.core.LaunchManager$ConfigurationNotifier.notify(LaunchManager.java:209)
	at org.eclipse.debug.internal.core.LaunchManager.launchConfigurationChanged(LaunchManager.java:2147)
	at org.eclipse.debug.internal.core.LaunchConfigurationWorkingCopy.writeNewFile(LaunchConfigurationWorkingCopy.java:377)
	at org.eclipse.debug.internal.core.LaunchConfigurationWorkingCopy.doSave0(LaunchConfigurationWorkingCopy.java:259)
	at org.eclipse.debug.internal.core.LaunchConfigurationWorkingCopy.doSave(LaunchConfigurationWorkingCopy.java:229)
	at org.eclipse.debug.internal.core.LaunchConfigurationWorkingCopy.doSave(LaunchConfigurationWorkingCopy.java:187)
	at org.eclipse.m2e.jdt.internal.launch.MavenRuntimeClasspathProvider.disable(MavenRuntimeClasspathProvider.java:412)
	at org.eclipse.m2e.jdt.internal.launch.MavenRuntimeClasspathProvider.disable(MavenRuntimeClasspathProvider.java:436)
	at org.eclipse.m2e.jdt.internal.launch.MavenLaunchConfigurationListener.mavenProjectChanged(MavenLaunchConfigurationListener.java:135)
	at org.eclipse.m2e.core.internal.project.registry.ProjectRegistryManager.notifyProjectChangeListeners(ProjectRegistryManager.java:832)
	at org.eclipse.m2e.core.internal.project.registry.ProjectRegistryManager.applyMutableProjectRegistry(ProjectRegistryManager.java:985)
	at org.eclipse.m2e.core.internal.project.registry.ProjectRegistryRefreshJob.lambda$0(ProjectRegistryRefreshJob.java:162)
	at org.eclipse.m2e.core.internal.embedder.MavenExecutionContext.executeBare(MavenExecutionContext.java:364)
	at org.eclipse.m2e.core.internal.embedder.MavenExecutionContext.execute(MavenExecutionContext.java:274)
	at org.eclipse.m2e.core.internal.embedder.MavenExecutionContext.execute(MavenExecutionContext.java:213)
	at org.eclipse.m2e.core.internal.project.registry.ProjectRegistryRefreshJob.run(ProjectRegistryRefreshJob.java:106)
	at org.eclipse.core.internal.jobs.Worker.run(Worker.java:63)
2023-08-20 13:59:44,157 [Worker-2: Loading available Gradle versions] INFO  o.e.b.c.i.u.g.PublishedGradleVersions - Gradle version information cache is out-of-date. Trying to update.
2023-08-21 23:17:07,819 [Worker-3: Loading available Gradle versions] INFO  o.e.b.c.i.u.g.PublishedGradleVersions - Gradle version information cache is out-of-date. Trying to update.
